NFO] Scanning for projects...
[INFO] 
[INFO] ----------------------< com.example:kidsreading >-----------------------
[INFO] Building kidsreading 0.0.1-SNAPSHOT
[INFO]   from pom.xml
[INFO] --------------------------------[ jar ]---------------------------------
[INFO] 
[INFO] >>> spring-boot:3.5.3:run (default-cli) > test-compile @ kidsreading >>>
[INFO] 
[INFO] --- resources:3.3.1:resources (default-resources) @ kidsreading ---
[INFO] Copying 1 resource from src/main/resources to target/classes
[INFO] Copying 121 resources from src/main/resources to target/classes
[INFO] 
[INFO] --- compiler:3.14.0:compile (default-compile) @ kidsreading ---
[INFO] Recompiling the module because of changed source code.
[INFO] Compiling 64 source files with javac [debug parameters release 17] to target/classes
[INFO] /home/runner/workspace/src/main/java/com/example/kidsreading/config/SecurityConfig.java: /home/runner/workspace/src/main/java/com/example/kidsreading/config/SecurityConfig.java uses or overrides a deprecated API.
[INFO] /home/runner/workspace/src/main/java/com/example/kidsreading/config/SecurityConfig.java: Recompile with -Xlint:deprecation for details.
[INFO] /home/runner/workspace/src/main/java/com/example/kidsreading/service/AdminService.java: /home/runner/workspace/src/main/java/com/example/kidsreading/service/AdminService.java uses unchecked or unsafe operations.
[INFO] /home/runner/workspace/src/main/java/com/example/kidsreading/service/AdminService.java: Recompile with -Xlint:unchecked for details.
[INFO] -------------------------------------------------------------
[ERROR] COMPILATION ERROR : 
[INFO] -------------------------------------------------------------
[ERROR] /home/runner/workspace/src/main/java/com/example/kidsreading/entity/User.java:[104,12] cannot find symbol
  symbol:   class Collection
  location: class com.example.kidsreading.entity.User
[ERROR] /home/runner/workspace/src/main/java/com/example/kidsreading/service/S3Service.java:[109,20] method deleteFile(java.lang.String) is already defined in class com.example.kidsreading.service.S3Service
[ERROR] /home/runner/workspace/src/main/java/com/example/kidsreading/config/AdminInitializer.java:[29,9] cannot find symbol
  symbol:   variable log
  location: class com.example.kidsreading.config.AdminInitializer
[ERROR] /home/runner/workspace/src/main/java/com/example/kidsreading/config/AdminInitializer.java:[34,13] cannot find symbol
  symbol:   variable log
  location: class com.example.kidsreading.config.AdminInitializer
[ERROR] /home/runner/workspace/src/main/java/com/example/kidsreading/config/AdminInitializer.java:[41,13] cannot find symbol
  symbol:   variable log
  location: class com.example.kidsreading.config.AdminInitializer
[ERROR] /home/runner/workspace/src/main/java/com/example/kidsreading/config/AdminInitializer.java:[45,17] cannot find symbol
  symbol:   variable log
  location: class com.example.kidsreading.config.AdminInitializer
[ERROR] /home/runner/workspace/src/main/java/com/example/kidsreading/config/AdminInitializer.java:[46,29] cannot find symbol
  symbol:   method getId()
  location: variable user of type com.example.kidsreading.entity.User
[ERROR] /home/runner/workspace/src/main/java/com/example/kidsreading/config/AdminInitializer.java:[46,43] cannot find symbol
  symbol:   method getEmail()
  location: variable user of type com.example.kidsreading.entity.User
[ERROR] /home/runner/workspace/src/main/java/com/example/kidsreading/config/AdminInitializer.java:[46,80] cannot find symbol
  symbol:   method getRole()
  location: variable user of type com.example.kidsreading.entity.User
[ERROR] /home/runner/workspace/src/main/java/com/example/kidsreading/config/AdminInitializer.java:[46,96] cannot find symbol
  symbol:   method getIsActive()
  location: variable user of type com.example.kidsreading.entity.User
[ERROR] /home/runner/workspace/src/main/java/com/example/kidsreading/config/AdminInitializer.java:[50,13] cannot find symbol
  symbol:   variable log
  location: class com.example.kidsreading.config.AdminInitializer
[ERROR] /home/runner/workspace/src/main/java/com/example/kidsreading/config/AdminInitializer.java:[54,9] cannot find symbol
  symbol:   variable log
  location: class com.example.kidsreading.config.AdminInitializer
[ERROR] /home/runner/workspace/src/main/java/com/example/kidsreading/config/AdminInitializer.java:[68,59] cannot find symbol
  symbol:   method getId()
  location: variable user of type com.example.kidsreading.entity.User
[ERROR] /home/runner/workspace/src/main/java/com/example/kidsreading/config/AdminInitializer.java:[68,87] cannot find symbol
  symbol:   method getEmail()
  location: variable user of type com.example.kidsreading.entity.User
[ERROR] /home/runner/workspace/src/main/java/com/example/kidsreading/config/AdminInitializer.java:[83,18] cannot find symbol
  symbol:   method setUsername(java.lang.String)
  location: variable admin of type com.example.kidsreading.entity.User
[ERROR] /home/runner/workspace/src/main/java/com/example/kidsreading/config/AdminInitializer.java:[84,18] cannot find symbol
  symbol:   method setEmail(java.lang.String)
  location: variable admin of type com.example.kidsreading.entity.User
[ERROR] /home/runner/workspace/src/main/java/com/example/kidsreading/config/AdminInitializer.java:[85,18] cannot find symbol
  symbol:   method setPassword(java.lang.String)
  location: variable admin of type com.example.kidsreading.entity.User
[ERROR] /home/runner/workspace/src/main/java/com/example/kidsreading/config/AdminInitializer.java:[86,18] cannot find symbol
  symbol:   method setName(java.lang.String)
  location: variable admin of type com.example.kidsreading.entity.User
[ERROR] /home/runner/workspace/src/main/java/com/example/kidsreading/config/AdminInitializer.java:[87,18] cannot find symbol
  symbol:   method setParentName(java.lang.String)
  location: variable admin of type com.example.kidsreading.entity.User
[ERROR] /home/runner/workspace/src/main/java/com/example/kidsreading/config/AdminInitializer.java:[88,18] cannot find symbol
  symbol:   method setPhoneNumber(java.lang.String)
  location: variable admin of type com.example.kidsreading.entity.User
[ERROR] /home/runner/workspace/src/main/java/com/example/kidsreading/config/AdminInitializer.java:[89,18] cannot find symbol
  symbol:   method setGroupName(java.lang.String)
  location: variable admin of type com.example.kidsreading.entity.User
[ERROR] /home/runner/workspace/src/main/java/com/example/kidsreading/config/AdminInitializer.java:[90,18] cannot find symbol
  symbol:   method setRole(com.example.kidsreading.entity.User.Role)
  location: variable admin of type com.example.kidsreading.entity.User
[ERROR] /home/runner/workspace/src/main/java/com/example/kidsreading/config/AdminInitializer.java:[91,18] cannot find symbol
  symbol:   method setIsActive(boolean)
  location: variable admin of type com.example.kidsreading.entity.User
[ERROR] /home/runner/workspace/src/main/java/com/example/kidsreading/config/AdminInitializer.java:[92,18] cannot find symbol
  symbol:   method setEmailVerified(boolean)
  location: variable admin of type com.example.kidsreading.entity.User
[ERROR] /home/runner/workspace/src/main/java/com/example/kidsreading/config/AdminInitializer.java:[93,18] cannot find symbol
  symbol:   method setCreatedAt(java.time.LocalDateTime)
  location: variable admin of type com.example.kidsreading.entity.User
[ERROR] /home/runner/workspace/src/main/java/com/example/kidsreading/config/AdminInitializer.java:[94,18] cannot find symbol
  symbol:   method setUpdatedAt(java.time.LocalDateTime)
  location: variable admin of type com.example.kidsreading.entity.User
[ERROR] /home/runner/workspace/src/main/java/com/example/kidsreading/config/AdminInitializer.java:[99,66] cannot find symbol
  symbol:   method getEmail()
  location: variable savedAdmin of type com.example.kidsreading.entity.User
[ERROR] /home/runner/workspace/src/main/java/com/example/kidsreading/config/AdminInitializer.java:[99,101] cannot find symbol
  symbol:   method getId()
  location: variable savedAdmin of type com.example.kidsreading.entity.User
[ERROR] /home/runner/workspace/src/main/java/com/example/kidsreading/config/AdminInitializer.java:[110,21] cannot find symbol
  symbol:   method setUsername(java.lang.String)
  location: variable testUser of type com.example.kidsreading.entity.User
[ERROR] /home/runner/workspace/src/main/java/com/example/kidsreading/config/AdminInitializer.java:[111,21] cannot find symbol
  symbol:   method setEmail(java.lang.String)
  location: variable testUser of type com.example.kidsreading.entity.User
[ERROR] /home/runner/workspace/src/main/java/com/example/kidsreading/config/AdminInitializer.java:[112,21] cannot find symbol
  symbol:   method setPassword(java.lang.String)
  location: variable testUser of type com.example.kidsreading.entity.User
[ERROR] /home/runner/workspace/src/main/java/com/example/kidsreading/config/AdminInitializer.java:[113,21] cannot find symbol
  symbol:   method setName(java.lang.String)
  location: variable testUser of type com.example.kidsreading.entity.User
[ERROR] /home/runner/workspace/src/main/java/com/example/kidsreading/config/AdminInitializer.java:[114,21] cannot find symbol
  symbol:   method setParentName(java.lang.String)
  location: variable testUser of type com.example.kidsreading.entity.User
[ERROR] /home/runner/workspace/src/main/java/com/example/kidsreading/config/AdminInitializer.java:[115,21] cannot find symbol
  symbol:   method setPhoneNumber(java.lang.String)
  location: variable testUser of type com.example.kidsreading.entity.User
[ERROR] /home/runner/workspace/src/main/java/com/example/kidsreading/config/AdminInitializer.java:[116,21] cannot find symbol
  symbol:   method setGroupName(java.lang.String)
  location: variable testUser of type com.example.kidsreading.entity.User
[ERROR] /home/runner/workspace/src/main/java/com/example/kidsreading/config/AdminInitializer.java:[117,21] cannot find symbol
  symbol:   method setRole(com.example.kidsreading.entity.User.Role)
  location: variable testUser of type com.example.kidsreading.entity.User
[ERROR] /home/runner/workspace/src/main/java/com/example/kidsreading/config/AdminInitializer.java:[118,21] cannot find symbol
  symbol:   method setIsActive(boolean)
  location: variable testUser of type com.example.kidsreading.entity.User
[ERROR] /home/runner/workspace/src/main/java/com/example/kidsreading/config/AdminInitializer.java:[119,21] cannot find symbol
  symbol:   method setEmailVerified(boolean)
  location: variable testUser of type com.example.kidsreading.entity.User
[ERROR] /home/runner/workspace/src/main/java/com/example/kidsreading/config/AdminInitializer.java:[120,21] cannot find symbol
  symbol:   method setCreatedAt(java.time.LocalDateTime)
  location: variable testUser of type com.example.kidsreading.entity.User
[ERROR] /home/runner/workspace/src/main/java/com/example/kidsreading/config/AdminInitializer.java:[121,21] cannot find symbol
  symbol:   method setUpdatedAt(java.time.LocalDateTime)
  location: variable testUser of type com.example.kidsreading.entity.User
[ERROR] /home/runner/workspace/src/main/java/com/example/kidsreading/config/AdminInitializer.java:[126,66] cannot find symbol
  symbol:   method getEmail()
  location: variable savedUser of type com.example.kidsreading.entity.User
[ERROR] /home/runner/workspace/src/main/java/com/example/kidsreading/config/AdminInitializer.java:[126,100] cannot find symbol
  symbol:   method getId()
  location: variable savedUser of type com.example.kidsreading.entity.User
[ERROR] /home/runner/workspace/src/main/java/com/example/kidsreading/service/CustomUserDetailsService.java:[37,45] cannot find symbol
  symbol:   method getEmail()
  location: variable user of type com.example.kidsreading.entity.User
[ERROR] /home/runner/workspace/src/main/java/com/example/kidsreading/service/CustomUserDetailsService.java:[37,74] cannot find symbol
  symbol:   method getId()
  location: variable user of type com.example.kidsreading.entity.User
[ERROR] /home/runner/workspace/src/main/java/com/example/kidsreading/service/CustomUserDetailsService.java:[40,18] cannot find symbol
  symbol:   method getIsActive()
  location: variable user of type com.example.kidsreading.entity.User
[ERROR] /home/runner/workspace/src/main/java/com/example/kidsreading/service/CustomUserDetailsService.java:[53,25] cannot find symbol
  symbol:   method setLastLogin(java.time.LocalDateTime)
  location: variable user of type com.example.kidsreading.entity.User
[ERROR] /home/runner/workspace/src/main/java/com/example/kidsreading/service/CustomUserDetailsService.java:[55,69] cannot find symbol
  symbol:   method getEmail()
  location: variable user of type com.example.kidsreading.entity.User
[ERROR] /home/runner/workspace/src/main/java/com/example/kidsreading/service/CustomUserDetailsService.java:[55,98] cannot find symbol
  symbol:   method getId()
  location: variable user of type com.example.kidsreading.entity.User
[ERROR] /home/runner/workspace/src/main/java/com/example/kidsreading/service/CustomUserDetailsService.java:[78,69] cannot find symbol
  symbol:   method getRole()
  location: variable user of type com.example.kidsreading.entity.User
[ERROR] /home/runner/workspace/src/main/java/com/example/kidsreading/service/CustomUserDetailsService.java:[108,24] cannot find symbol
  symbol:   method getIsActive()
  location: variable user of type com.example.kidsreading.entity.User
[ERROR] /home/runner/workspace/src/main/java/com/example/kidsreading/service/CustomUserDetailsService.java:[112,24] cannot find symbol
  symbol:   method getEmail()
  location: variable user of type com.example.kidsreading.entity.User
[ERROR] /home/runner/workspace/src/main/java/com/example/kidsreading/service/CustomUserDetailsService.java:[116,24] cannot find symbol
  symbol:   method getName()
  location: variable user of type com.example.kidsreading.entity.User
[ERROR] /home/runner/workspace/src/main/java/com/example/kidsreading/service/CustomUserDetailsService.java:[120,24] cannot find symbol
  symbol:   method getRole()
  location: variable user of type com.example.kidsreading.entity.User
[ERROR] /home/runner/workspace/src/main/java/com/example/kidsreading/service/CustomUserDetailsService.java:[124,24] cannot find symbol
  symbol:   method getId()
  location: variable user of type com.example.kidsreading.entity.User
[ERROR] /home/runner/workspace/src/main/java/com/example/kidsreading/controller/AdminController.java:[249,52] cannot find symbol
  symbol:   method getAudioUrl()
  location: variable word of type com.example.kidsreading.entity.Word
[ERROR] /home/runner/workspace/src/main/java/com/example/kidsreading/controller/AdminController.java:[299,60] cannot find symbol
  symbol:   method getAudioUrl()
  location: variable sentence of type com.example.kidsreading.entity.Sentence
[ERROR] /home/runner/workspace/src/main/java/com/example/kidsreading/service/AdminService.java:[65,33] cannot find symbol
  symbol:   method builder()
  location: class com.example.kidsreading.dto.AdminStatsDto
[ERROR] /home/runner/workspace/src/main/java/com/example/kidsreading/service/AdminService.java:[68,33] cannot find symbol
  symbol:   method builder()
  location: class com.example.kidsreading.dto.AdminStatsDto
[ERROR] /home/runner/workspace/src/main/java/com/example/kidsreading/service/AdminService.java:[84,61] cannot find symbol
  symbol:   method getUsername()
  location: variable userDto of type com.example.kidsreading.dto.UserDto
[ERROR] /home/runner/workspace/src/main/java/com/example/kidsreading/service/AdminService.java:[85,73] cannot find symbol
  symbol:   method getUsername()
  location: variable userDto of type com.example.kidsreading.dto.UserDto
[ERROR] /home/runner/workspace/src/main/java/com/example/kidsreading/service/AdminService.java:[86,65] cannot find symbol
  symbol:   method getEmail()
  location: variable userDto of type com.example.kidsreading.dto.UserDto
[ERROR] /home/runner/workspace/src/main/java/com/example/kidsreading/service/AdminService.java:[87,72] cannot find symbol
  symbol:   method getEmail()
  location: variable userDto of type com.example.kidsreading.dto.UserDto
[ERROR] /home/runner/workspace/src/main/java/com/example/kidsreading/service/AdminService.java:[89,33] cannot find symbol
  symbol:   method builder()
  location: class com.example.kidsreading.entity.User
[ERROR] /home/runner/workspace/src/main/java/com/example/kidsreading/service/AdminService.java:[89,60] cannot find symbol
  symbol:   method getUsername()
  location: variable userDto of type com.example.kidsreading.dto.UserDto
[ERROR] /home/runner/workspace/src/main/java/com/example/kidsreading/service/AdminService.java:[89,89] cannot find symbol
  symbol:   method getEmail()
  location: variable userDto of type com.example.kidsreading.dto.UserDto
[ERROR] /home/runner/workspace/src/main/java/com/example/kidsreading/service/AdminService.java:[89,114] cannot find symbol
  symbol:   method getName()
  location: variable userDto of type com.example.kidsreading.dto.UserDto
[ERROR] /home/runner/workspace/src/main/java/com/example/kidsreading/service/AdminService.java:[89,142] cannot find symbol
  symbol:   method getPassword()
  location: variable userDto of type com.example.kidsreading.dto.UserDto
[ERROR] /home/runner/workspace/src/main/java/com/example/kidsreading/service/AdminService.java:[89,183] cannot find symbol
  symbol:   method getRole()
  location: variable userDto of type com.example.kidsreading.dto.UserDto
[ERROR] /home/runner/workspace/src/main/java/com/example/kidsreading/service/AdminService.java:[102,37] cannot find symbol
  symbol:   method getUsername()
  location: variable userDto of type com.example.kidsreading.dto.UserDto
[ERROR] /home/runner/workspace/src/main/java/com/example/kidsreading/service/AdminService.java:[103,34] cannot find symbol
  symbol:   method getEmail()
  location: variable userDto of type com.example.kidsreading.dto.UserDto
[ERROR] /home/runner/workspace/src/main/java/com/example/kidsreading/service/AdminService.java:[104,33] cannot find symbol
  symbol:   method getName()
  location: variable userDto of type com.example.kidsreading.dto.UserDto
[ERROR] /home/runner/workspace/src/main/java/com/example/kidsreading/service/AdminService.java:[105,46] cannot find symbol
  symbol:   method getRole()
  location: variable userDto of type com.example.kidsreading.dto.UserDto
[ERROR] /home/runner/workspace/src/main/java/com/example/kidsreading/service/AdminService.java:[106,24] cannot find symbol
  symbol:   method getPassword()
  location: variable userDto of type com.example.kidsreading.dto.UserDto
[ERROR] /home/runner/workspace/src/main/java/com/example/kidsreading/service/AdminService.java:[106,58] cannot find symbol
  symbol:   method getPassword()
  location: variable userDto of type com.example.kidsreading.dto.UserDto
[ERROR] /home/runner/workspace/src/main/java/com/example/kidsreading/service/AdminService.java:[107,41] cannot find symbol
  symbol:   method getPassword()
  location: variable userDto of type com.example.kidsreading.dto.UserDto
[ERROR] /home/runner/workspace/src/main/java/com/example/kidsreading/service/AdminService.java:[149,29] cannot find symbol
  symbol:   method builder()
  location: class com.example.kidsreading.entity.Word
[ERROR] /home/runner/workspace/src/main/java/com/example/kidsreading/service/AdminService.java:[150,30] cannot find symbol
  symbol:   method getEnglish()
  location: variable wordDto of type com.example.kidsreading.dto.WordDto
[ERROR] /home/runner/workspace/src/main/java/com/example/kidsreading/service/AdminService.java:[151,33] cannot find symbol
  symbol:   method getKorean()
  location: variable wordDto of type com.example.kidsreading.dto.WordDto
[ERROR] /home/runner/workspace/src/main/java/com/example/kidsreading/service/AdminService.java:[152,31] cannot find symbol
  symbol:   method getLevel()
  location: variable wordDto of type com.example.kidsreading.dto.WordDto
[ERROR] /home/runner/workspace/src/main/java/com/example/kidsreading/service/AdminService.java:[153,29] cannot find symbol
  symbol:   method getDay()
  location: variable wordDto of type com.example.kidsreading.dto.WordDto
[ERROR] /home/runner/workspace/src/main/java/com/example/kidsreading/service/AdminService.java:[153,56] cannot find symbol
  symbol:   method getDay()
  location: variable wordDto of type com.example.kidsreading.dto.WordDto
[ERROR] /home/runner/workspace/src/main/java/com/example/kidsreading/service/AdminService.java:[154,39] cannot find symbol
  symbol:   method getPronunciation()
  location: variable wordDto of type com.example.kidsreading.dto.WordDto
[ERROR] /home/runner/workspace/src/main/java/com/example/kidsreading/service/AdminService.java:[170,33] cannot find symbol
  symbol:   method getEnglish()
  location: variable wordDto of type com.example.kidsreading.dto.WordDto
[ERROR] /home/runner/workspace/src/main/java/com/example/kidsreading/service/AdminService.java:[171,36] cannot find symbol
  symbol:   method getKorean()
  location: variable wordDto of type com.example.kidsreading.dto.WordDto
[ERROR] /home/runner/workspace/src/main/java/com/example/kidsreading/service/AdminService.java:[172,34] cannot find symbol
  symbol:   method getLevel()
  location: variable wordDto of type com.example.kidsreading.dto.WordDto
[ERROR] /home/runner/workspace/src/main/java/com/example/kidsreading/service/AdminService.java:[173,17] cannot find symbol
  symbol:   method setDay(wordDto.ge[...]Day())
  location: variable word of type com.example.kidsreading.entity.Word
[ERROR] /home/runner/workspace/src/main/java/com/example/kidsreading/service/AdminService.java:[173,32] cannot find symbol
  symbol:   method getDay()
  location: variable wordDto of type com.example.kidsreading.dto.WordDto
[ERROR] /home/runner/workspace/src/main/java/com/example/kidsreading/service/AdminService.java:[173,59] cannot find symbol
  symbol:   method getDay()
  location: variable wordDto of type com.example.kidsreading.dto.WordDto
[ERROR] /home/runner/workspace/src/main/java/com/example/kidsreading/service/AdminService.java:[173,75] cannot find symbol
  symbol:   method getDay()
  location: variable word of type com.example.kidsreading.entity.Word
[ERROR] /home/runner/workspace/src/main/java/com/example/kidsreading/service/AdminService.java:[174,42] cannot find symbol
  symbol:   method getPronunciation()
  location: variable wordDto of type com.example.kidsreading.dto.WordDto
[ERROR] /home/runner/workspace/src/main/java/com/example/kidsreading/service/AdminService.java:[186,17] cannot find symbol
  symbol:   method setIsActive(boolean)
  location: variable word of type com.example.kidsreading.entity.Word
[ERROR] /home/runner/workspace/src/main/java/com/example/kidsreading/service/AdminService.java:[226,41] cannot find symbol
  symbol:   method builder()
  location: class com.example.kidsreading.entity.Sentence
[ERROR] /home/runner/workspace/src/main/java/com/example/kidsreading/service/AdminService.java:[227,41] cannot find symbol
  symbol:   method getText()
  location: variable sentenceDto of type com.example.kidsreading.dto.SentenceDto
[ERROR] /home/runner/workspace/src/main/java/com/example/kidsreading/service/AdminService.java:[228,47] cannot find symbol
  symbol:   method getKorean()
  location: variable sentenceDto of type com.example.kidsreading.dto.SentenceDto
[ERROR] /home/runner/workspace/src/main/java/com/example/kidsreading/service/AdminService.java:[229,45] cannot find symbol
  symbol:   method getLevel()
  location: variable sentenceDto of type com.example.kidsreading.dto.SentenceDto
[ERROR] /home/runner/workspace/src/main/java/com/example/kidsreading/service/AdminService.java:[230,39] cannot find symbol
  symbol:   method getDayNumber()
  location: variable sentenceDto of type com.example.kidsreading.dto.SentenceDto
[ERROR] /home/runner/workspace/src/main/java/com/example/kidsreading/service/AdminService.java:[230,76] cannot find symbol
  symbol:   method getDayNumber()
  location: variable sentenceDto of type com.example.kidsreading.dto.SentenceDto
[ERROR] /home/runner/workspace/src/main/java/com/example/kidsreading/service/AdminService.java:[246,48] cannot find symbol
  symbol:   method getText()
  location: variable sentenceDto of type com.example.kidsreading.dto.SentenceDto
[ERROR] /home/runner/workspace/src/main/java/com/example/kidsreading/service/AdminService.java:[247,54] cannot find symbol
  symbol:   method getKorean()
  location: variable sentenceDto of type com.example.kidsreading.dto.SentenceDto
[ERROR] /home/runner/workspace/src/main/java/com/example/kidsreading/service/AdminService.java:[248,52] cannot find symbol
  symbol:   method getLevel()
  location: variable sentenceDto of type com.example.kidsreading.dto.SentenceDto
[INFO] 100 errors 
[INFO] -------------------------------------------------------------
[INFO] ------------------------------------------------------------------------
[INFO] BUILD FAILURE
[INFO] ------------------------------------------------------------------------
[INFO] Total time:  2.433 s
[INFO] Finished at: 2025-07-09T04:11:51Z
[INFO] ------------------------------------------------------------------------
[ERROR] Failed to execute goal org.apache.maven.plugins:maven-compiler-plugin:3.14.0:compile (default-compile) on project kidsreading: Compilation failure: Compilation failure: 
[ERROR] /home/runner/workspace/src/main/java/com/example/kidsreading/entity/User.java:[104,12] cannot find symbol
[ERROR]   symbol:   class Collection
[ERROR]   location: class com.example.kidsreading.entity.User
[ERROR] /home/runner/workspace/src/main/java/com/example/kidsreading/service/S3Service.java:[109,20] method deleteFile(java.lang.String) is already defined in class com.example.kidsreading.service.S3Service
[ERROR] /home/runner/workspace/src/main/java/com/example/kidsreading/config/AdminInitializer.java:[29,9] cannot find symbol
[ERROR]   symbol:   variable log
[ERROR]   location: class com.example.kidsreading.config.AdminInitializer
[ERROR] /home/runner/workspace/src/main/java/com/example/kidsreading/config/AdminInitializer.java:[34,13] cannot find symbol
[ERROR]   symbol:   variable log
[ERROR]   location: class com.example.kidsreading.config.AdminInitializer
[ERROR] /home/runner/workspace/src/main/java/com/example/kidsreading/config/AdminInitializer.java:[41,13] cannot find symbol
[ERROR]   symbol:   variable log
[ERROR]   location: class com.example.kidsreading.config.AdminInitializer
[ERROR] /home/runner/workspace/src/main/java/com/example/kidsreading/config/AdminInitializer.java:[45,17] cannot find symbol
[ERROR]   symbol:   variable log
[ERROR]   location: class com.example.kidsreading.config.AdminInitializer
[ERROR] /home/runner/workspace/src/main/java/com/example/kidsreading/config/AdminInitializer.java:[46,29] cannot find symbol
[ERROR]   symbol:   method getId()
[ERROR]   location: variable user of type com.example.kidsreading.entity.User
[ERROR] /home/runner/workspace/src/main/java/com/example/kidsreading/config/AdminInitializer.java:[46,43] cannot find symbol
[ERROR]   symbol:   method getEmail()
[ERROR]   location: variable user of type com.example.kidsreading.entity.User
[ERROR] /home/runner/workspace/src/main/java/com/example/kidsreading/config/AdminInitializer.java:[46,80] cannot find symbol
[ERROR]   symbol:   method getRole()
[ERROR]   location: variable user of type com.example.kidsreading.entity.User
[ERROR] /home/runner/workspace/src/main/java/com/example/kidsreading/config/AdminInitializer.java:[46,96] cannot find symbol
[ERROR]   symbol:   method getIsActive()
[ERROR]   location: variable user of type com.example.kidsreading.entity.User
[ERROR] /home/runner/workspace/src/main/java/com/example/kidsreading/config/AdminInitializer.java:[50,13] cannot find symbol
[ERROR]   symbol:   variable log
[ERROR]   location: class com.example.kidsreading.config.AdminInitializer
[ERROR] /home/runner/workspace/src/main/java/com/example/kidsreading/config/AdminInitializer.java:[54,9] cannot find symbol
[ERROR]   symbol:   variable log
[ERROR]   location: class com.example.kidsreading.config.AdminInitializer
[ERROR] /home/runner/workspace/src/main/java/com/example/kidsreading/config/AdminInitializer.java:[68,59] cannot find symbol
[ERROR]   symbol:   method getId()
[ERROR]   location: variable user of type com.example.kidsreading.entity.User
[ERROR] /home/runner/workspace/src/main/java/com/example/kidsreading/config/AdminInitializer.java:[68,87] cannot find symbol
[ERROR]   symbol:   method getEmail()
[ERROR]   location: variable user of type com.example.kidsreading.entity.User
[ERROR] /home/runner/workspace/src/main/java/com/example/kidsreading/config/AdminInitializer.java:[83,18] cannot find symbol
[ERROR]   symbol:   method setUsername(java.lang.String)
[ERROR]   location: variable admin of type com.example.kidsreading.entity.User
[ERROR] /home/runner/workspace/src/main/java/com/example/kidsreading/config/AdminInitializer.java:[84,18] cannot find symbol
[ERROR]   symbol:   method setEmail(java.lang.String)
[ERROR]   location: variable admin of type com.example.kidsreading.entity.User
[ERROR] /home/runner/workspace/src/main/java/com/example/kidsreading/config/AdminInitializer.java:[85,18] cannot find symbol
[ERROR]   symbol:   method setPassword(java.lang.String)
[ERROR]   location: variable admin of type com.example.kidsreading.entity.User
[ERROR] /home/runner/workspace/src/main/java/com/example/kidsreading/config/AdminInitializer.java:[86,18] cannot find symbol
[ERROR]   symbol:   method setName(java.lang.String)
[ERROR]   location: variable admin of type com.example.kidsreading.entity.User
[ERROR] /home/runner/workspace/src/main/java/com/example/kidsreading/config/AdminInitializer.java:[87,18] cannot find symbol
[ERROR]   symbol:   method setParentName(java.lang.String)
[ERROR]   location: variable admin of type com.example.kidsreading.entity.User
[ERROR] /home/runner/workspace/src/main/java/com/example/kidsreading/config/AdminInitializer.java:[88,18] cannot find symbol
[ERROR]   symbol:   method setPhoneNumber(java.lang.String)
[ERROR]   location: variable admin of type com.example.kidsreading.entity.User
[ERROR] /home/runner/workspace/src/main/java/com/example/kidsreading/config/AdminInitializer.java:[89,18] cannot find symbol
[ERROR]   symbol:   method setGroupName(java.lang.String)
[ERROR]   location: variable admin of type com.example.kidsreading.entity.User
[ERROR] /home/runner/workspace/src/main/java/com/example/kidsreading/config/AdminInitializer.java:[90,18] cannot find symbol
[ERROR]   symbol:   method setRole(com.example.kidsreading.entity.User.Role)
[ERROR]   location: variable admin of type com.example.kidsreading.entity.User
[ERROR] /home/runner/workspace/src/main/java/com/example/kidsreading/config/AdminInitializer.java:[91,18] cannot find symbol
[ERROR]   symbol:   method setIsActive(boolean)
[ERROR]   location: variable admin of type com.example.kidsreading.entity.User
[ERROR] /home/runner/workspace/src/main/java/com/example/kidsreading/config/AdminInitializer.java:[92,18] cannot find symbol
[ERROR]   symbol:   method setEmailVerified(boolean)
[ERROR]   location: variable admin of type com.example.kidsreading.entity.User
[ERROR] /home/runner/workspace/src/main/java/com/example/kidsreading/config/AdminInitializer.java:[93,18] cannot find symbol
[ERROR]   symbol:   method setCreatedAt(java.time.LocalDateTime)
[ERROR]   location: variable admin of type com.example.kidsreading.entity.User
[ERROR] /home/runner/workspace/src/main/java/com/example/kidsreading/config/AdminInitializer.java:[94,18] cannot find symbol
[ERROR]   symbol:   method setUpdatedAt(java.time.LocalDateTime)
[ERROR]   location: variable admin of type com.example.kidsreading.entity.User
[ERROR] /home/runner/workspace/src/main/java/com/example/kidsreading/config/AdminInitializer.java:[99,66] cannot find symbol
[ERROR]   symbol:   method getEmail()
[ERROR]   location: variable savedAdmin of type com.example.kidsreading.entity.User
[ERROR] /home/runner/workspace/src/main/java/com/example/kidsreading/config/AdminInitializer.java:[99,101] cannot find symbol
[ERROR]   symbol:   method getId()
[ERROR]   location: variable savedAdmin of type com.example.kidsreading.entity.User
[ERROR] /home/runner/workspace/src/main/java/com/example/kidsreading/config/AdminInitializer.java:[110,21] cannot find symbol
[ERROR]   symbol:   method setUsername(java.lang.String)
[ERROR]   location: variable testUser of type com.example.kidsreading.entity.User
[ERROR] /home/runner/workspace/src/main/java/com/example/kidsreading/config/AdminInitializer.java:[111,21] cannot find symbol
[ERROR]   symbol:   method setEmail(java.lang.String)
[ERROR]   location: variable testUser of type com.example.kidsreading.entity.User
[ERROR] /home/runner/workspace/src/main/java/com/example/kidsreading/config/AdminInitializer.java:[112,21] cannot find symbol
[ERROR]   symbol:   method setPassword(java.lang.String)
[ERROR]   location: variable testUser of type com.example.kidsreading.entity.User
[ERROR] /home/runner/workspace/src/main/java/com/example/kidsreading/config/AdminInitializer.java:[113,21] cannot find symbol
[ERROR]   symbol:   method setName(java.lang.String)
[ERROR]   location: variable testUser of type com.example.kidsreading.entity.User
[ERROR] /home/runner/workspace/src/main/java/com/example/kidsreading/config/AdminInitializer.java:[114,21] cannot find symbol
[ERROR]   symbol:   method setParentName(java.lang.String)
[ERROR]   location: variable testUser of type com.example.kidsreading.entity.User
[ERROR] /home/runner/workspace/src/main/java/com/example/kidsreading/config/AdminInitializer.java:[115,21] cannot find symbol
[ERROR]   symbol:   method setPhoneNumber(java.lang.String)
[ERROR]   location: variable testUser of type com.example.kidsreading.entity.User
[ERROR] /home/runner/workspace/src/main/java/com/example/kidsreading/config/AdminInitializer.java:[116,21] cannot find symbol
[ERROR]   symbol:   method setGroupName(java.lang.String)
[ERROR]   location: variable testUser of type com.example.kidsreading.entity.User
[ERROR] /home/runner/workspace/src/main/java/com/example/kidsreading/config/AdminInitializer.java:[117,21] cannot find symbol
[ERROR]   symbol:   method setRole(com.example.kidsreading.entity.User.Role)
[ERROR]   location: variable testUser of type com.example.kidsreading.entity.User
[ERROR] /home/runner/workspace/src/main/java/com/example/kidsreading/config/AdminInitializer.java:[118,21] cannot find symbol
[ERROR]   symbol:   method setIsActive(boolean)
[ERROR]   location: variable testUser of type com.example.kidsreading.entity.User
[ERROR] /home/runner/workspace/src/main/java/com/example/kidsreading/config/AdminInitializer.java:[119,21] cannot find symbol
[ERROR]   symbol:   method setEmailVerified(boolean)
[ERROR]   location: variable testUser of type com.example.kidsreading.entity.User
[ERROR] /home/runner/workspace/src/main/java/com/example/kidsreading/config/AdminInitializer.java:[120,21] cannot find symbol
[ERROR]   symbol:   method setCreatedAt(java.time.LocalDateTime)
[ERROR]   location: variable testUser of type com.example.kidsreading.entity.User
[ERROR] /home/runner/workspace/src/main/java/com/example/kidsreading/config/AdminInitializer.java:[121,21] cannot find symbol
[ERROR]   symbol:   method setUpdatedAt(java.time.LocalDateTime)
[ERROR]   location: variable testUser of type com.example.kidsreading.entity.User
[ERROR] /home/runner/workspace/src/main/java/com/example/kidsreading/config/AdminInitializer.java:[126,66] cannot find symbol
[ERROR]   symbol:   method getEmail()
[ERROR]   location: variable savedUser of type com.example.kidsreading.entity.User
[ERROR] /home/runner/workspace/src/main/java/com/example/kidsreading/config/AdminInitializer.java:[126,100] cannot find symbol
[ERROR]   symbol:   method getId()
[ERROR]   location: variable savedUser of type com.example.kidsreading.entity.User
[ERROR] /home/runner/workspace/src/main/java/com/example/kidsreading/service/CustomUserDetailsService.java:[37,45] cannot find symbol
[ERROR]   symbol:   method getEmail()
[ERROR]   location: variable user of type com.example.kidsreading.entity.User
[ERROR] /home/runner/workspace/src/main/java/com/example/kidsreading/service/CustomUserDetailsService.java:[37,74] cannot find symbol
[ERROR]   symbol:   method getId()
[ERROR]   location: variable user of type com.example.kidsreading.entity.User
[ERROR] /home/runner/workspace/src/main/java/com/example/kidsreading/service/CustomUserDetailsService.java:[40,18] cannot find symbol
[ERROR]   symbol:   method getIsActive()
[ERROR]   location: variable user of type com.example.kidsreading.entity.User
[ERROR] /home/runner/workspace/src/main/java/com/example/kidsreading/service/CustomUserDetailsService.java:[53,25] cannot find symbol
[ERROR]   symbol:   method setLastLogin(java.time.LocalDateTime)
[ERROR]   location: variable user of type com.example.kidsreading.entity.User
[ERROR] /home/runner/workspace/src/main/java/com/example/kidsreading/service/CustomUserDetailsService.java:[55,69] cannot find symbol
[ERROR]   symbol:   method getEmail()
[ERROR]   location: variable user of type com.example.kidsreading.entity.User
[ERROR] /home/runner/workspace/src/main/java/com/example/kidsreading/service/CustomUserDetailsService.java:[55,98] cannot find symbol
[ERROR]   symbol:   method getId()
[ERROR]   location: variable user of type com.example.kidsreading.entity.User
[ERROR] /home/runner/workspace/src/main/java/com/example/kidsreading/service/CustomUserDetailsService.java:[78,69] cannot find symbol
[ERROR]   symbol:   method getRole()
[ERROR]   location: variable user of type com.example.kidsreading.entity.User
[ERROR] /home/runner/workspace/src/main/java/com/example/kidsreading/service/CustomUserDetailsService.java:[108,24] cannot find symbol
[ERROR]   symbol:   method getIsActive()
[ERROR]   location: variable user of type com.example.kidsreading.entity.User
[ERROR] /home/runner/workspace/src/main/java/com/example/kidsreading/service/CustomUserDetailsService.java:[112,24] cannot find symbol
[ERROR]   symbol:   method getEmail()
[ERROR]   location: variable user of type com.example.kidsreading.entity.User
[ERROR] /home/runner/workspace/src/main/java/com/example/kidsreading/service/CustomUserDetailsService.java:[116,24] cannot find symbol
[ERROR]   symbol:   method getName()
[ERROR]   location: variable user of type com.example.kidsreading.entity.User
[ERROR] /home/runner/workspace/src/main/java/com/example/kidsreading/service/CustomUserDetailsService.java:[120,24] cannot find symbol
[ERROR]   symbol:   method getRole()
[ERROR]   location: variable user of type com.example.kidsreading.entity.User
[ERROR] /home/runner/workspace/src/main/java/com/example/kidsreading/service/CustomUserDetailsService.java:[124,24] cannot find symbol
[ERROR]   symbol:   method getId()
[ERROR]   location: variable user of type com.example.kidsreading.entity.User
[ERROR] /home/runner/workspace/src/main/java/com/example/kidsreading/controller/AdminController.java:[249,52] cannot find symbol
[ERROR]   symbol:   method getAudioUrl()
[ERROR]   location: variable word of type com.example.kidsreading.entity.Word
[ERROR] /home/runner/workspace/src/main/java/com/example/kidsreading/controller/AdminController.java:[299,60] cannot find symbol
[ERROR]   symbol:   method getAudioUrl()
[ERROR]   location: variable sentence of type com.example.kidsreading.entity.Sentence
[ERROR] /home/runner/workspace/src/main/java/com/example/kidsreading/service/AdminService.java:[65,33] cannot find symbol
[ERROR]   symbol:   method builder()
[ERROR]   location: class com.example.kidsreading.dto.AdminStatsDto
[ERROR] /home/runner/workspace/src/main/java/com/example/kidsreading/service/AdminService.java:[68,33] cannot find symbol
[ERROR]   symbol:   method builder()
[ERROR]   location: class com.example.kidsreading.dto.AdminStatsDto
[ERROR] /home/runner/workspace/src/main/java/com/example/kidsreading/service/AdminService.java:[84,61] cannot find symbol
[ERROR]   symbol:   method getUsername()
[ERROR]   location: variable userDto of type com.example.kidsreading.dto.UserDto
[ERROR] /home/runner/workspace/src/main/java/com/example/kidsreading/service/AdminService.java:[85,73] cannot find symbol
[ERROR]   symbol:   method getUsername()
[ERROR]   location: variable userDto of type com.example.kidsreading.dto.UserDto
[ERROR] /home/runner/workspace/src/main/java/com/example/kidsreading/service/AdminService.java:[86,65] cannot find symbol
[ERROR]   symbol:   method getEmail()
[ERROR]   location: variable userDto of type com.example.kidsreading.dto.UserDto
[ERROR] /home/runner/workspace/src/main/java/com/example/kidsreading/service/AdminService.java:[87,72] cannot find symbol
[ERROR]   symbol:   method getEmail()
[ERROR]   location: variable userDto of type com.example.kidsreading.dto.UserDto
[ERROR] /home/runner/workspace/src/main/java/com/example/kidsreading/service/AdminService.java:[89,33] cannot find symbol
[ERROR]   symbol:   method builder()
[ERROR]   location: class com.example.kidsreading.entity.User
[ERROR] /home/runner/workspace/src/main/java/com/example/kidsreading/service/AdminService.java:[89,60] cannot find symbol
[ERROR]   symbol:   method getUsername()
[ERROR]   location: variable userDto of type com.example.kidsreading.dto.UserDto
[ERROR] /home/runner/workspace/src/main/java/com/example/kidsreading/service/AdminService.java:[89,89] cannot find symbol
[ERROR]   symbol:   method getEmail()
[ERROR]   location: variable userDto of type com.example.kidsreading.dto.UserDto
[ERROR] /home/runner/workspace/src/main/java/com/example/kidsreading/service/AdminService.java:[89,114] cannot find symbol
[ERROR]   symbol:   method getName()
[ERROR]   location: variable userDto of type com.example.kidsreading.dto.UserDto
[ERROR] /home/runner/workspace/src/main/java/com/example/kidsreading/service/AdminService.java:[89,142] cannot find symbol
[ERROR]   symbol:   method getPassword()
[ERROR]   location: variable userDto of type com.example.kidsreading.dto.UserDto
[ERROR] /home/runner/workspace/src/main/java/com/example/kidsreading/service/AdminService.java:[89,183] cannot find symbol
[ERROR]   symbol:   method getRole()
[ERROR]   location: variable userDto of type com.example.kidsreading.dto.UserDto
[ERROR] /home/runner/workspace/src/main/java/com/example/kidsreading/service/AdminService.java:[102,37] cannot find symbol
[ERROR]   symbol:   method getUsername()
[ERROR]   location: variable userDto of type com.example.kidsreading.dto.UserDto
[ERROR] /home/runner/workspace/src/main/java/com/example/kidsreading/service/AdminService.java:[103,34] cannot find symbol
[ERROR]   symbol:   method getEmail()
[ERROR]   location: variable userDto of type com.example.kidsreading.dto.UserDto
[ERROR] /home/runner/workspace/src/main/java/com/example/kidsreading/service/AdminService.java:[104,33] cannot find symbol
[ERROR]   symbol:   method getName()
[ERROR]   location: variable userDto of type com.example.kidsreading.dto.UserDto
[ERROR] /home/runner/workspace/src/main/java/com/example/kidsreading/service/AdminService.java:[105,46] cannot find symbol
[ERROR]   symbol:   method getRole()
[ERROR]   location: variable userDto of type com.example.kidsreading.dto.UserDto
[ERROR] /home/runner/workspace/src/main/java/com/example/kidsreading/service/AdminService.java:[106,24] cannot find symbol
[ERROR]   symbol:   method getPassword()
[ERROR]   location: variable userDto of type com.example.kidsreading.dto.UserDto
[ERROR] /home/runner/workspace/src/main/java/com/example/kidsreading/service/AdminService.java:[106,58] cannot find symbol
[ERROR]   symbol:   method getPassword()
[ERROR]   location: variable userDto of type com.example.kidsreading.dto.UserDto
[ERROR] /home/runner/workspace/src/main/java/com/example/kidsreading/service/AdminService.java:[107,41] cannot find symbol
[ERROR]   symbol:   method getPassword()
[ERROR]   location: variable userDto of type com.example.kidsreading.dto.UserDto
[ERROR] /home/runner/workspace/src/main/java/com/example/kidsreading/service/AdminService.java:[149,29] cannot find symbol
[ERROR]   symbol:   method builder()
[ERROR]   location: class com.example.kidsreading.entity.Word
[ERROR] /home/runner/workspace/src/main/java/com/example/kidsreading/service/AdminService.java:[150,30] cannot find symbol
[ERROR]   symbol:   method getEnglish()
[ERROR]   location: variable wordDto of type com.example.kidsreading.dto.WordDto
[ERROR] /home/runner/workspace/src/main/java/com/example/kidsreading/service/AdminService.java:[151,33] cannot find symbol
[ERROR]   symbol:   method getKorean()
[ERROR]   location: variable wordDto of type com.example.kidsreading.dto.WordDto
[ERROR] /home/runner/workspace/src/main/java/com/example/kidsreading/service/AdminService.java:[152,31] cannot find symbol
[ERROR]   symbol:   method getLevel()
[ERROR]   location: variable wordDto of type com.example.kidsreading.dto.WordDto
[ERROR] /home/runner/workspace/src/main/java/com/example/kidsreading/service/AdminService.java:[153,29] cannot find symbol
[ERROR]   symbol:   method getDay()
[ERROR]   location: variable wordDto of type com.example.kidsreading.dto.WordDto
[ERROR] /home/runner/workspace/src/main/java/com/example/kidsreading/service/AdminService.java:[153,56] cannot find symbol
[ERROR]   symbol:   method getDay()
[ERROR]   location: variable wordDto of type com.example.kidsreading.dto.WordDto
[ERROR] /home/runner/workspace/src/main/java/com/example/kidsreading/service/AdminService.java:[154,39] cannot find symbol
[ERROR]   symbol:   method getPronunciation()
[ERROR]   location: variable wordDto of type com.example.kidsreading.dto.WordDto
[ERROR] /home/runner/workspace/src/main/java/com/example/kidsreading/service/AdminService.java:[170,33] cannot find symbol
[ERROR]   symbol:   method getEnglish()
[ERROR]   location: variable wordDto of type com.example.kidsreading.dto.WordDto
[ERROR] /home/runner/workspace/src/main/java/com/example/kidsreading/service/AdminService.java:[171,36] cannot find symbol
[ERROR]   symbol:   method getKorean()
[ERROR]   location: variable wordDto of type com.example.kidsreading.dto.WordDto
[ERROR] /home/runner/workspace/src/main/java/com/example/kidsreading/service/AdminService.java:[172,34] cannot find symbol
[ERROR]   symbol:   method getLevel()
[ERROR]   location: variable wordDto of type com.example.kidsreading.dto.WordDto
[ERROR] /home/runner/workspace/src/main/java/com/example/kidsreading/service/AdminService.java:[173,17] cannot find symbol
[ERROR]   symbol:   method setDay(wordDto.ge[...]Day())
[ERROR]   location: variable word of type com.example.kidsreading.entity.Word
[ERROR] /home/runner/workspace/src/main/java/com/example/kidsreading/service/AdminService.java:[173,32] cannot find symbol
[ERROR]   symbol:   method getDay()
[ERROR]   location: variable wordDto of type com.example.kidsreading.dto.WordDto
[ERROR] /home/runner/workspace/src/main/java/com/example/kidsreading/service/AdminService.java:[173,59] cannot find symbol
[ERROR]   symbol:   method getDay()
[ERROR]   location: variable wordDto of type com.example.kidsreading.dto.WordDto
[ERROR] /home/runner/workspace/src/main/java/com/example/kidsreading/service/AdminService.java:[173,75] cannot find symbol
[ERROR]   symbol:   method getDay()
[ERROR]   location: variable word of type com.example.kidsreading.entity.Word
[ERROR] /home/runner/workspace/src/main/java/com/example/kidsreading/service/AdminService.java:[174,42] cannot find symbol
[ERROR]   symbol:   method getPronunciation()
[ERROR]   location: variable wordDto of type com.example.kidsreading.dto.WordDto
[ERROR] /home/runner/workspace/src/main/java/com/example/kidsreading/service/AdminService.java:[186,17] cannot find symbol
[ERROR]   symbol:   method setIsActive(boolean)
[ERROR]   location: variable word of type com.example.kidsreading.entity.Word
[ERROR] /home/runner/workspace/src/main/java/com/example/kidsreading/service/AdminService.java:[226,41] cannot find symbol
[ERROR]   symbol:   method builder()
[ERROR]   location: class com.example.kidsreading.entity.Sentence
[ERROR] /home/runner/workspace/src/main/java/com/example/kidsreading/service/AdminService.java:[227,41] cannot find symbol
[ERROR]   symbol:   method getText()
[ERROR]   location: variable sentenceDto of type com.example.kidsreading.dto.SentenceDto
[ERROR] /home/runner/workspace/src/main/java/com/example/kidsreading/service/AdminService.java:[228,47] cannot find symbol
[ERROR]   symbol:   method getKorean()
[ERROR]   location: variable sentenceDto of type com.example.kidsreading.dto.SentenceDto
[ERROR] /home/runner/workspace/src/main/java/com/example/kidsreading/service/AdminService.java:[229,45] cannot find symbol
[ERROR]   symbol:   method getLevel()
[ERROR]   location: variable sentenceDto of type com.example.kidsreading.dto.SentenceDto
[ERROR] /home/runner/workspace/src/main/java/com/example/kidsreading/service/AdminService.java:[230,39] cannot find symbol
[ERROR]   symbol:   method getDayNumber()
[ERROR]   location: variable sentenceDto of type com.example.kidsreading.dto.SentenceDto
[ERROR] /home/runner/workspace/src/main/java/com/example/kidsreading/service/AdminService.java:[230,76] cannot find symbol
[ERROR]   symbol:   method getDayNumber()
[ERROR]   location: variable sentenceDto of type com.example.kidsreading.dto.SentenceDto
[ERROR] /home/runner/workspace/src/main/java/com/example/kidsreading/service/AdminService.java:[246,48] cannot find symbol
[ERROR]   symbol:   method getText()
[ERROR]   location: variable sentenceDto of type com.example.kidsreading.dto.SentenceDto
[ERROR] /home/runner/workspace/src/main/java/com/example/kidsreading/service/AdminService.java:[247,54] cannot find symbol
[ERROR]   symbol:   method getKorean()
[ERROR]   location: variable sentenceDto of type com.example.kidsreading.dto.SentenceDto
[ERROR] /home/runner/workspace/src/main/java/com/example/kidsreading/service/AdminService.java:[248,52] cannot find symbol
[ERROR]   symbol:   method getLevel()
[ERROR]   location: variable sentenceDto of type com.example.kidsreading.dto.SentenceDto
[ERROR] -> [Help 1]
[ERROR] 
[ERROR] To see the full stack trace of the errors, re-run Maven with the -e switch.
[ERROR] Re-run Maven using the -X switch to enable full debug logging.
[ERROR] 
[ERROR] For more information about the errors and possible solutions, please read the following articles:
[ERROR] [Help 1] http://cwiki.apache.org/confluence/display/MAVEN/MojoFailureException
