FO] Scanning for projects...
[INFO] 
[INFO] ----------------------< com.example:kidsreading >-----------------------
[INFO] Building kidsreading 0.0.1-SNAPSHOT
[INFO]   from pom.xml
[INFO] --------------------------------[ jar ]---------------------------------
[INFO] 
[INFO] >>> spring-boot:3.5.3:run (default-cli) > test-compile @ kidsreading >>>
[INFO] 
[INFO] --- resources:3.3.1:resources (default-resources) @ kidsreading ---
[INFO] Copying 1 resource from src/main/resources to target/classes
[INFO] Copying 121 resources from src/main/resources to target/classes
[INFO] 
[INFO] --- compiler:3.14.0:compile (default-compile) @ kidsreading ---
[INFO] Recompiling the module because of changed source code.
[INFO] Compiling 64 source files with javac [debug parameters release 17] to target/classes
[INFO] /home/runner/workspace/src/main/java/com/example/kidsreading/config/SecurityConfig.java: /home/runner/workspace/src/main/java/com/example/kidsreading/config/SecurityConfig.java uses or overrides a deprecated API.
[INFO] /home/runner/workspace/src/main/java/com/example/kidsreading/config/SecurityConfig.java: Recompile with -Xlint:deprecation for details.
[INFO] /home/runner/workspace/src/main/java/com/example/kidsreading/service/AdminService.java: /home/runner/workspace/src/main/java/com/example/kidsreading/service/AdminService.java uses unchecked or unsafe operations.
[INFO] /home/runner/workspace/src/main/java/com/example/kidsreading/service/AdminService.java: Recompile with -Xlint:unchecked for details.
[INFO] Some messages have been simplified; recompile with -Xdiags:verbose to get full output
[INFO] -------------------------------------------------------------
[WARNING] COMPILATION WARNING : 
[INFO] -------------------------------------------------------------
[WARNING] /home/runner/workspace/src/main/java/com/example/kidsreading/entity/SentenceLearningSession.java:[41,21] @Builder will ignore the initializing expression entirely. If you want the initializing expression to serve as default, add @Builder.Default. If it is not supposed to be settable during building, make the field final.
[WARNING] /home/runner/workspace/src/main/java/com/example/kidsreading/entity/SentenceLearningSession.java:[44,21] @Builder will ignore the initializing expression entirely. If you want the initializing expression to serve as default, add @Builder.Default. If it is not supposed to be settable during building, make the field final.
[WARNING] /home/runner/workspace/src/main/java/com/example/kidsreading/entity/SentenceLearningSession.java:[47,21] @Builder will ignore the initializing expression entirely. If you want the initializing expression to serve as default, add @Builder.Default. If it is not supposed to be settable during building, make the field final.
[WARNING] /home/runner/workspace/src/main/java/com/example/kidsreading/entity/SentenceLearningSession.java:[50,21] @Builder will ignore the initializing expression entirely. If you want the initializing expression to serve as default, add @Builder.Default. If it is not supposed to be settable during building, make the field final.
[INFO] 4 warnings 
[INFO] -------------------------------------------------------------
[INFO] -------------------------------------------------------------
[ERROR] COMPILATION ERROR : 
[INFO] -------------------------------------------------------------
[ERROR] /home/runner/workspace/src/main/java/com/example/kidsreading/controller/AdminController.java:[216,40] cannot find symbol
  symbol:   method bulkUploadFromExcel(org.springframework.web.multipart.MultipartFile)
  location: variable sentenceService of type com.example.kidsreading.service.SentenceService
[ERROR] /home/runner/workspace/src/main/java/com/example/kidsreading/service/AdminService.java:[227,17] cannot find symbol
  symbol:   method englishText(java.lang.String)
  location: class com.example.kidsreading.entity.Sentence.SentenceBuilder
[ERROR] /home/runner/workspace/src/main/java/com/example/kidsreading/service/AdminService.java:[246,21] cannot find symbol
  symbol:   method setEnglishText(java.lang.String)
  location: variable sentence of type com.example.kidsreading.entity.Sentence
[ERROR] /home/runner/workspace/src/main/java/com/example/kidsreading/service/AdminService.java:[247,21] cannot find symbol
  symbol:   method setKoreanTranslation(java.lang.String)
  location: variable sentence of type com.example.kidsreading.entity.Sentence
[ERROR] /home/runner/workspace/src/main/java/com/example/kidsreading/service/AdminService.java:[271,63] cannot find symbol
  symbol:   method searchByQuery(java.lang.String)
  location: variable sentenceRepository of type com.example.kidsreading.repository.SentenceRepository
[ERROR] /home/runner/workspace/src/main/java/com/example/kidsreading/service/AdminService.java:[597,25] cannot find symbol
  symbol:   method englishText(java.lang.String)
  location: class com.example.kidsreading.entity.Sentence.SentenceBuilder
[ERROR] /home/runner/workspace/src/main/java/com/example/kidsreading/service/AdminService.java:[753,27] cannot find symbol
  symbol:   method getEnglishText()
  location: variable sentence of type com.example.kidsreading.entity.Sentence
[ERROR] /home/runner/workspace/src/main/java/com/example/kidsreading/service/AdminService.java:[754,29] cannot find symbol
  symbol:   method getKoreanTranslation()
  location: variable sentence of type com.example.kidsreading.entity.Sentence
[ERROR] /home/runner/workspace/src/main/java/com/example/kidsreading/service/SentenceService.java:[62,44] incompatible types: java.lang.Long cannot be converted to java.lang.String
[ERROR] /home/runner/workspace/src/main/java/com/example/kidsreading/service/SentenceService.java:[64,33] incompatible types: java.lang.Long cannot be converted to java.lang.String
[ERROR] /home/runner/workspace/src/main/java/com/example/kidsreading/service/SentenceService.java:[77,52] cannot find symbol
  symbol:   method countByUserIdAndSentence_DifficultyLevelAndSentence_DayNumberAndIsCompletedTrue(java.lang.Long,java.lang.Integer,java.lang.Integer)
  location: variable userSentenceProgressRepository of type com.example.kidsreading.repository.UserSentenceProgressRepository
[ERROR] /home/runner/workspace/src/main/java/com/example/kidsreading/service/WordService.java:[94,42] cannot find symbol
  symbol:   method findByUserIdAndLevel(java.lang.Long,java.lang.Integer)
  location: variable userWordProgressRepository of type com.example.kidsreading.repository.UserWordProgressRepository
[ERROR] /home/runner/workspace/src/main/java/com/example/kidsreading/service/WordService.java:[103,40] incompatible types: java.lang.Long cannot be converted to java.lang.String
[ERROR] /home/runner/workspace/src/main/java/com/example/kidsreading/service/WordService.java:[105,33] incompatible types: java.lang.Long cannot be converted to java.lang.String
[ERROR] /home/runner/workspace/src/main/java/com/example/kidsreading/service/WordService.java:[118,96] incompatible types: possible lossy conversion from long to int
[ERROR] /home/runner/workspace/src/main/java/com/example/kidsreading/service/WordService.java:[126,96] incompatible types: possible lossy conversion from long to int
[ERROR] /home/runner/workspace/src/main/java/com/example/kidsreading/service/WordService.java:[160,40] incompatible types: java.lang.Long cannot be converted to java.lang.String
[ERROR] /home/runner/workspace/src/main/java/com/example/kidsreading/service/WordService.java:[162,33] incompatible types: java.lang.Long cannot be converted to java.lang.String
[INFO] 18 errors 
[INFO] -------------------------------------------------------------
[INFO] ------------------------------------------------------------------------
[INFO] BUILD FAILURE
[INFO] ------------------------------------------------------------------------
[INFO] Total time:  6.758 s
[INFO] Finished at: 2025-07-09T10:41:12Z
[INFO] ------------------------------------------------------------------------
[ERROR] Failed to execute goal org.apache.maven.plugins:maven-compiler-plugin:3.14.0:compile (default-compile) on project kidsreading: Compilation failure: Compilation failure: 
[ERROR] /home/runner/workspace/src/main/java/com/example/kidsreading/controller/AdminController.java:[216,40] cannot find symbol
[ERROR]   symbol:   method bulkUploadFromExcel(org.springframework.web.multipart.MultipartFile)
[ERROR]   location: variable sentenceService of type com.example.kidsreading.service.SentenceService
[ERROR] /home/runner/workspace/src/main/java/com/example/kidsreading/service/AdminService.java:[227,17] cannot find symbol
[ERROR]   symbol:   method englishText(java.lang.String)
[ERROR]   location: class com.example.kidsreading.entity.Sentence.SentenceBuilder
[ERROR] /home/runner/workspace/src/main/java/com/example/kidsreading/service/AdminService.java:[246,21] cannot find symbol
[ERROR]   symbol:   method setEnglishText(java.lang.String)
[ERROR]   location: variable sentence of type com.example.kidsreading.entity.Sentence
[ERROR] /home/runner/workspace/src/main/java/com/example/kidsreading/service/AdminService.java:[247,21] cannot find symbol
[ERROR]   symbol:   method setKoreanTranslation(java.lang.String)
[ERROR]   location: variable sentence of type com.example.kidsreading.entity.Sentence
[ERROR] /home/runner/workspace/src/main/java/com/example/kidsreading/service/AdminService.java:[271,63] cannot find symbol
[ERROR]   symbol:   method searchByQuery(java.lang.String)
[ERROR]   location: variable sentenceRepository of type com.example.kidsreading.repository.SentenceRepository
[ERROR] /home/runner/workspace/src/main/java/com/example/kidsreading/service/AdminService.java:[597,25] cannot find symbol
[ERROR]   symbol:   method englishText(java.lang.String)
[ERROR]   location: class com.example.kidsreading.entity.Sentence.SentenceBuilder
[ERROR] /home/runner/workspace/src/main/java/com/example/kidsreading/service/AdminService.java:[753,27] cannot find symbol
[ERROR]   symbol:   method getEnglishText()
[ERROR]   location: variable sentence of type com.example.kidsreading.entity.Sentence
[ERROR] /home/runner/workspace/src/main/java/com/example/kidsreading/service/AdminService.java:[754,29] cannot find symbol
[ERROR]   symbol:   method getKoreanTranslation()
[ERROR]   location: variable sentence of type com.example.kidsreading.entity.Sentence
[ERROR] /home/runner/workspace/src/main/java/com/example/kidsreading/service/SentenceService.java:[62,44] incompatible types: java.lang.Long cannot be converted to java.lang.String
[ERROR] /home/runner/workspace/src/main/java/com/example/kidsreading/service/SentenceService.java:[64,33] incompatible types: java.lang.Long cannot be converted to java.lang.String
[ERROR] /home/runner/workspace/src/main/java/com/example/kidsreading/service/SentenceService.java:[77,52] cannot find symbol
[ERROR]   symbol:   method countByUserIdAndSentence_DifficultyLevelAndSentence_DayNumberAndIsCompletedTrue(java.lang.Long,java.lang.Integer,java.lang.Integer)
[ERROR]   location: variable userSentenceProgressRepository of type com.example.kidsreading.repository.UserSentenceProgressRepository
[ERROR] /home/runner/workspace/src/main/java/com/example/kidsreading/service/WordService.java:[94,42] cannot find symbol
[ERROR]   symbol:   method findByUserIdAndLevel(java.lang.Long,java.lang.Integer)
[ERROR]   location: variable userWordProgressRepository of type com.example.kidsreading.repository.UserWordProgressRepository
[ERROR] /home/runner/workspace/src/main/java/com/example/kidsreading/service/WordService.java:[103,40] incompatible types: java.lang.Long cannot be converted to java.lang.String
[ERROR] /home/runner/workspace/src/main/java/com/example/kidsreading/service/WordService.java:[105,33] incompatible types: java.lang.Long cannot be converted to java.lang.String
[ERROR] /home/runner/workspace/src/main/java/com/example/kidsreading/service/WordService.java:[118,96] incompatible types: possible lossy conversion from long to int
[ERROR] /home/runner/workspace/src/main/java/com/example/kidsreading/service/WordService.java:[126,96] incompatible types: possible lossy conversion from long to int
[ERROR] /home/runner/workspace/src/main/java/com/example/kidsreading/service/WordService.java:[160,40] incompatible types: java.lang.Long cannot be converted to java.lang.String
[ERROR] /home/runner/workspace/src/main/java/com/example/kidsreading/service/WordService.java:[162,33] incompatible types: java.lang.Long cannot be converted to java.lang.String
[ERROR] -> [Help 1]
[ERROR] 
[ERROR] To see the full stack trace of the errors, re-run Maven with the -e switch.
[ERROR] Re-run Maven using the -X switch to enable full debug logging.
[ERROR] 
[ERROR] For more information about the errors and possible solutions, please read the following articles:
[ERROR] [Help 1] http://cwiki.apache.org/confluence/display/MAVEN/MojoFailureException
