NFO] Scanning for projects...
[INFO] 
[INFO] ----------------------< com.example:kidsreading >-----------------------
[INFO] Building kidsreading 0.0.1-SNAPSHOT
[INFO]   from pom.xml
[INFO] --------------------------------[ jar ]---------------------------------
[INFO] 
[INFO] >>> spring-boot:3.5.3:run (default-cli) > test-compile @ kidsreading >>>
[INFO] 
[INFO] --- resources:3.3.1:resources (default-resources) @ kidsreading ---
[INFO] Copying 1 resource from src/main/resources to target/classes
[INFO] Copying 121 resources from src/main/resources to target/classes
[INFO] 
[INFO] --- compiler:3.14.0:compile (default-compile) @ kidsreading ---
[INFO] Recompiling the module because of changed source code.
[INFO] Compiling 64 source files with javac [debug parameters release 17] to target/classes
[INFO] -------------------------------------------------------------
[ERROR] COMPILATION ERROR : 
[INFO] -------------------------------------------------------------
[ERROR] /home/runner/workspace/src/main/java/com/example/kidsreading/service/AdminService.java:[735,33] ',', ')', or '[' expected
[ERROR] /home/runner/workspace/src/main/java/com/example/kidsreading/service/AdminService.java:[735,41] ')' expected
[ERROR] /home/runner/workspace/src/main/java/com/example/kidsreading/service/AdminService.java:[735,47] ';' expected
[ERROR] /home/runner/workspace/src/main/java/com/example/kidsreading/service/AdminService.java:[735,46] variable declaration not allowed here
[ERROR] /home/runner/workspace/src/main/java/com/example/kidsreading/service/AdminService.java:[735,60] ';' expected
[ERROR] /home/runner/workspace/src/main/java/com/example/kidsreading/service/AdminService.java:[735,68] illegal character: '`'
[ERROR] /home/runner/workspace/src/main/java/com/example/kidsreading/service/AdminService.java:[735,92] illegal character: '`'
[ERROR] /home/runner/workspace/src/main/java/com/example/kidsreading/service/AdminService.java:[735,69] not a statement
[ERROR] /home/runner/workspace/src/main/java/com/example/kidsreading/service/AdminService.java:[735,108] ';' expected
[ERROR] /home/runner/workspace/src/main/java/com/example/kidsreading/service/AdminService.java:[735,114] ';' expected
[ERROR] /home/runner/workspace/src/main/java/com/example/kidsreading/service/AdminService.java:[735,127] ';' expected
[ERROR] /home/runner/workspace/src/main/java/com/example/kidsreading/service/AdminService.java:[736,1] illegal character: '`'
[ERROR] /home/runner/workspace/src/main/java/com/example/kidsreading/service/AdminService.java:[736,2] illegal character: '`'
[ERROR] /home/runner/workspace/src/main/java/com/example/kidsreading/service/AdminService.java:[736,3] illegal character: '`'
[ERROR] /home/runner/workspace/src/main/java/com/example/kidsreading/service/AdminService.java:[737,58] ';' expected
[ERROR] /home/runner/workspace/src/main/java/com/example/kidsreading/service/AdminService.java:[901,36] ';' expected
[INFO] 16 errors 
[INFO] -------------------------------------------------------------
[INFO] ------------------------------------------------------------------------
[INFO] BUILD FAILURE
[INFO] ------------------------------------------------------------------------
[INFO] Total time:  2.980 s
[INFO] Finished at: 2025-07-09T13:51:39Z
[INFO] ------------------------------------------------------------------------
[ERROR] Failed to execute goal org.apache.maven.plugins:maven-compiler-plugin:3.14.0:compile (default-compile) on project kidsreading: Compilation failure: Compilation failure: 
[ERROR] /home/runner/workspace/src/main/java/com/example/kidsreading/service/AdminService.java:[735,33] ',', ')', or '[' expected
[ERROR] /home/runner/workspace/src/main/java/com/example/kidsreading/service/AdminService.java:[735,41] ')' expected
[ERROR] /home/runner/workspace/src/main/java/com/example/kidsreading/service/AdminService.java:[735,47] ';' expected
[ERROR] /home/runner/workspace/src/main/java/com/example/kidsreading/service/AdminService.java:[735,46] variable declaration not allowed here
[ERROR] /home/runner/workspace/src/main/java/com/example/kidsreading/service/AdminService.java:[735,60] ';' expected
[ERROR] /home/runner/workspace/src/main/java/com/example/kidsreading/service/AdminService.java:[735,68] illegal character: '`'
[ERROR] /home/runner/workspace/src/main/java/com/example/kidsreading/service/AdminService.java:[735,92] illegal character: '`'
[ERROR] /home/runner/workspace/src/main/java/com/example/kidsreading/service/AdminService.java:[735,69] not a statement
[ERROR] /home/runner/workspace/src/main/java/com/example/kidsreading/service/AdminService.java:[735,108] ';' expected
[ERROR] /home/runner/workspace/src/main/java/com/example/kidsreading/service/AdminService.java:[735,114] ';' expected
[ERROR] /home/runner/workspace/src/main/java/com/example/kidsreading/service/AdminService.java:[735,127] ';' expected
[ERROR] /home/runner/workspace/src/main/java/com/example/kidsreading/service/AdminService.java:[736,1] illegal character: '`'
[ERROR] /home/runner/workspace/src/main/java/com/example/kidsreading/service/AdminService.java:[736,2] illegal character: '`'
[ERROR] /home/runner/workspace/src/main/java/com/example/kidsreading/service/AdminService.java:[736,3] illegal character: '`'
[ERROR] /home/runner/workspace/src/main/java/com/example/kidsreading/service/AdminService.java:[737,58] ';' expected
[ERROR] /home/runner/workspace/src/main/java/com/example/kidsreading/service/AdminService.java:[901,36] ';' expected
[ERROR] -> [Help 1]
[ERROR] 
[ERROR] To see the full stack trace of the errors, re-run Maven with the -e switch.
[ERROR] Re-run Maven using the -X switch to enable full debug logging.
[ERROR] 
[ERROR] For more information about the errors and possible solutions, please read the following articles:
[ERROR] [Help 1] http://cwiki.apache.org/confluence/display/MAVEN/MojoFailureException
