[INFO] Scanning for projects...
[INFO] 
[INFO] ----------------------< com.example:kidsreading >-----------------------
[INFO] Building kidsreading 0.0.1-SNAPSHOT
[INFO]   from pom.xml
[INFO] --------------------------------[ jar ]---------------------------------
[INFO] 
[INFO] >>> spring-boot:3.5.3:run (default-cli) > test-compile @ kidsreading >>>
[INFO] 
[INFO] --- resources:3.3.1:resources (default-resources) @ kidsreading ---
[INFO] Copying 1 resource from src/main/resources to target/classes
[INFO] Copying 121 resources from src/main/resources to target/classes
[INFO] 
[INFO] --- compiler:3.14.0:compile (default-compile) @ kidsreading ---
[INFO] Recompiling the module because of changed source code.
[INFO] Compiling 64 source files with javac [debug parameters release 17] to target/classes
[INFO] /home/runner/workspace/src/main/java/com/example/kidsreading/config/SecurityConfig.java: /home/runner/workspace/src/main/java/com/example/kidsreading/config/SecurityConfig.java uses or overrides a deprecated API.
[INFO] /home/runner/workspace/src/main/java/com/example/kidsreading/config/SecurityConfig.java: Recompile with -Xlint:deprecation for details.
[INFO] /home/runner/workspace/src/main/java/com/example/kidsreading/service/AdminService.java: /home/runner/workspace/src/main/java/com/example/kidsreading/service/AdminService.java uses unchecked or unsafe operations.
[INFO] /home/runner/workspace/src/main/java/com/example/kidsreading/service/AdminService.java: Recompile with -Xlint:unchecked for details.
[INFO] -------------------------------------------------------------
[WARNING] COMPILATION WARNING : 
[INFO] -------------------------------------------------------------
[WARNING] /home/runner/workspace/src/main/java/com/example/kidsreading/entity/Sentence.java:[35,21] @Builder will ignore the initializing expression entirely. If you want the initializing expression to serve as default, add @Builder.Default. If it is not supposed to be settable during building, make the field final.
[WARNING] /home/runner/workspace/src/main/java/com/example/kidsreading/entity/SentenceLearningSession.java:[41,21] @Builder will ignore the initializing expression entirely. If you want the initializing expression to serve as default, add @Builder.Default. If it is not supposed to be settable during building, make the field final.
[WARNING] /home/runner/workspace/src/main/java/com/example/kidsreading/entity/SentenceLearningSession.java:[44,21] @Builder will ignore the initializing expression entirely. If you want the initializing expression to serve as default, add @Builder.Default. If it is not supposed to be settable during building, make the field final.
[WARNING] /home/runner/workspace/src/main/java/com/example/kidsreading/entity/SentenceLearningSession.java:[47,21] @Builder will ignore the initializing expression entirely. If you want the initializing expression to serve as default, add @Builder.Default. If it is not supposed to be settable during building, make the field final.
[WARNING] /home/runner/workspace/src/main/java/com/example/kidsreading/entity/SentenceLearningSession.java:[50,21] @Builder will ignore the initializing expression entirely. If you want the initializing expression to serve as default, add @Builder.Default. If it is not supposed to be settable during building, make the field final.
[WARNING] /home/runner/workspace/src/main/java/com/example/kidsreading/entity/User.java:[35,18] @Builder will ignore the initializing expression entirely. If you want the initializing expression to serve as default, add @Builder.Default. If it is not supposed to be settable during building, make the field final.
[WARNING] /home/runner/workspace/src/main/java/com/example/kidsreading/entity/User.java:[37,21] @Builder will ignore the initializing expression entirely. If you want the initializing expression to serve as default, add @Builder.Default. If it is not supposed to be settable during building, make the field final.
[WARNING] /home/runner/workspace/src/main/java/com/example/kidsreading/entity/User.java:[38,21] @Builder will ignore the initializing expression entirely. If you want the initializing expression to serve as default, add @Builder.Default. If it is not supposed to be settable during building, make the field final.
[WARNING] /home/runner/workspace/src/main/java/com/example/kidsreading/entity/Word.java:[37,21] @Builder will ignore the initializing expression entirely. If you want the initializing expression to serve as default, add @Builder.Default. If it is not supposed to be settable during building, make the field final.
[WARNING] /home/runner/workspace/src/main/java/com/example/kidsreading/entity/UserSentenceProgress.java:[29,21] @Builder will ignore the initializing expression entirely. If you want the initializing expression to serve as default, add @Builder.Default. If it is not supposed to be settable during building, make the field final.
[WARNING] /home/runner/workspace/src/main/java/com/example/kidsreading/entity/UserSentenceProgress.java:[36,21] @Builder will ignore the initializing expression entirely. If you want the initializing expression to serve as default, add @Builder.Default. If it is not supposed to be settable during building, make the field final.
[INFO] 11 warnings 
[INFO] -------------------------------------------------------------
[INFO] -------------------------------------------------------------
[ERROR] COMPILATION ERROR : 
[INFO] -------------------------------------------------------------
[ERROR] /home/runner/workspace/src/main/java/com/example/kidsreading/controller/AdminController.java:[342,63] cannot find symbol
  symbol:   method getUserProgress()
  location: variable adminService of type com.example.kidsreading.service.AdminService
[ERROR] /home/runner/workspace/src/main/java/com/example/kidsreading/controller/AdminController.java:[348,60] cannot find symbol
  symbol:   method getWordStats()
  location: variable adminService of type com.example.kidsreading.service.AdminService
[ERROR] /home/runner/workspace/src/main/java/com/example/kidsreading/controller/AdminController.java:[354,54] cannot find symbol
  symbol:   method getDailyStats(java.lang.String)
  location: variable adminService of type com.example.kidsreading.service.AdminService
[ERROR] /home/runner/workspace/src/main/java/com/example/kidsreading/controller/AdminController.java:[374,25] cannot find symbol
  symbol:   method normalizeExistingAudioFileNames()
  location: variable adminService of type com.example.kidsreading.service.AdminService
[ERROR] /home/runner/workspace/src/main/java/com/example/kidsreading/service/AdminService.java:[81,45] invalid method reference
  cannot find symbol
    symbol:   method convertToUserDto()
    location: class com.example.kidsreading.service.AdminService
[ERROR] /home/runner/workspace/src/main/java/com/example/kidsreading/service/AdminService.java:[95,167] no suitable method found for valueOf(com.example.kidsreading.entity.User.Role)
    method java.lang.Enum.<T>valueOf(java.lang.Class<T>,java.lang.String) is not applicable
      (cannot infer type-variable(s) T
        (actual and formal argument lists differ in length))
    method com.example.kidsreading.entity.User.Role.valueOf(java.lang.String) is not applicable
      (argument mismatch; com.example.kidsreading.entity.User.Role cannot be converted to java.lang.String)
[ERROR] /home/runner/workspace/src/main/java/com/example/kidsreading/service/AdminService.java:[97,28] cannot find symbol
  symbol: method convertToUserDto(com.example.kidsreading.entity.User)
[ERROR] /home/runner/workspace/src/main/java/com/example/kidsreading/service/AdminService.java:[111,30] no suitable method found for valueOf(com.example.kidsreading.entity.User.Role)
    method java.lang.Enum.<T>valueOf(java.lang.Class<T>,java.lang.String) is not applicable
      (cannot infer type-variable(s) T
        (actual and formal argument lists differ in length))
    method com.example.kidsreading.entity.User.Role.valueOf(java.lang.String) is not applicable
      (argument mismatch; com.example.kidsreading.entity.User.Role cannot be converted to java.lang.String)
[ERROR] /home/runner/workspace/src/main/java/com/example/kidsreading/service/AdminService.java:[117,24] cannot find symbol
  symbol: method convertToUserDto(com.example.kidsreading.entity.User)
[ERROR] /home/runner/workspace/src/main/java/com/example/kidsreading/service/AdminService.java:[136,45] invalid method reference
  cannot find symbol
    symbol:   method convertToUserDto()
    location: class com.example.kidsreading.service.AdminService
[ERROR] /home/runner/workspace/src/main/java/com/example/kidsreading/service/AdminService.java:[146,45] invalid method reference
  cannot find symbol
    symbol:   method convertToWordDto()
    location: class com.example.kidsreading.service.AdminService
[ERROR] /home/runner/workspace/src/main/java/com/example/kidsreading/service/AdminService.java:[166,24] cannot find symbol
  symbol: method convertToWordDto(com.example.kidsreading.entity.Word)
[ERROR] /home/runner/workspace/src/main/java/com/example/kidsreading/service/AdminService.java:[182,24] cannot find symbol
  symbol: method convertToWordDto(com.example.kidsreading.entity.Word)
[ERROR] /home/runner/workspace/src/main/java/com/example/kidsreading/service/AdminService.java:[203,45] invalid method reference
  cannot find symbol
    symbol:   method convertToWordDto()
    location: class com.example.kidsreading.service.AdminService
[ERROR] /home/runner/workspace/src/main/java/com/example/kidsreading/service/AdminService.java:[213,45] invalid method reference
  cannot find symbol
    symbol:   method convertToWordDto()
    location: class com.example.kidsreading.service.AdminService
[ERROR] /home/runner/workspace/src/main/java/com/example/kidsreading/service/AdminService.java:[223,49] invalid method reference
  cannot find symbol
    symbol:   method convertToSentenceDto()
    location: class com.example.kidsreading.service.AdminService
[ERROR] /home/runner/workspace/src/main/java/com/example/kidsreading/service/AdminService.java:[240,17] cannot find symbol
  symbol:   method englishText(java.lang.String)
  location: class com.example.kidsreading.entity.Sentence.SentenceBuilder
[ERROR] /home/runner/workspace/src/main/java/com/example/kidsreading/service/AdminService.java:[251,16] cannot find symbol
  symbol:   method convertToSentenceDto(com.example.kidsreading.entity.Sentence)
  location: class com.example.kidsreading.service.AdminService
[ERROR] /home/runner/workspace/src/main/java/com/example/kidsreading/service/AdminService.java:[262,21] cannot find symbol
  symbol:   method setEnglishText(java.lang.String)
  location: variable sentence of type com.example.kidsreading.entity.Sentence
[ERROR] /home/runner/workspace/src/main/java/com/example/kidsreading/service/AdminService.java:[270,21] cannot find symbol
  symbol:   method setKoreanTranslation(java.lang.String)
  location: variable sentence of type com.example.kidsreading.entity.Sentence
[ERROR] /home/runner/workspace/src/main/java/com/example/kidsreading/service/AdminService.java:[275,21] cannot find symbol
  symbol:   method setDifficultyLevel(java.lang.Integer)
  location: variable sentence of type com.example.kidsreading.entity.Sentence
[ERROR] /home/runner/workspace/src/main/java/com/example/kidsreading/service/AdminService.java:[293,16] cannot find symbol
  symbol:   method convertToSentenceDto(com.example.kidsreading.entity.Sentence)
  location: class com.example.kidsreading.service.AdminService
[ERROR] /home/runner/workspace/src/main/java/com/example/kidsreading/service/AdminService.java:[310,49] invalid method reference
  cannot find symbol
    symbol:   method convertToSentenceDto()
    location: class com.example.kidsreading.service.AdminService
[ERROR] /home/runner/workspace/src/main/java/com/example/kidsreading/service/AdminService.java:[320,49] invalid method reference
  cannot find symbol
    symbol:   method convertToSentenceDto()
    location: class com.example.kidsreading.service.AdminService
[ERROR] /home/runner/workspace/src/main/java/com/example/kidsreading/service/AdminService.java:[329,134] cannot find symbol
  symbol: method getDefaultSettings()
[ERROR] /home/runner/workspace/src/main/java/com/example/kidsreading/service/AdminService.java:[330,24] cannot find symbol
  symbol: method convertToLearningSettingsDto(com.example.kidsreading.entity.LearningSettings)
[ERROR] /home/runner/workspace/src/main/java/com/example/kidsreading/service/AdminService.java:[333,24] cannot find symbol
  symbol: method getDefaultLearningSettingsDto()
[ERROR] /home/runner/workspace/src/main/java/com/example/kidsreading/service/AdminService.java:[341,24] cannot find symbol
  symbol: method convertToLearningSettingsDto(com.example.kidsreading.entity.LearningSettings)
[ERROR] /home/runner/workspace/src/main/java/com/example/kidsreading/service/AdminService.java:[430,36] cannot find symbol
  symbol:   method extractS3KeyFromUrl(java.lang.String)
  location: class com.example.kidsreading.service.AdminService
[ERROR] /home/runner/workspace/src/main/java/com/example/kidsreading/service/AdminService.java:[455,36] cannot find symbol
  symbol:   method extractS3KeyFromUrl(java.lang.String)
  location: class com.example.kidsreading.service.AdminService
[ERROR] /home/runner/workspace/src/main/java/com/example/kidsreading/service/AdminService.java:[509,35] cannot find symbol
  symbol:   method getCellString(org.apache.poi.ss.usermodel.Cell)
  location: class com.example.kidsreading.service.AdminService
[ERROR] /home/runner/workspace/src/main/java/com/example/kidsreading/service/AdminService.java:[510,38] cannot find symbol
  symbol:   method getCellString(org.apache.poi.ss.usermodel.Cell)
  location: class com.example.kidsreading.service.AdminService
[ERROR] /home/runner/workspace/src/main/java/com/example/kidsreading/service/AdminService.java:[511,40] cannot find symbol
  symbol:   method getCellString(org.apache.poi.ss.usermodel.Cell)
  location: class com.example.kidsreading.service.AdminService
[ERROR] /home/runner/workspace/src/main/java/com/example/kidsreading/service/AdminService.java:[515,43] cannot find symbol
  symbol:   method getCellString(org.apache.poi.ss.usermodel.Cell)
  location: class com.example.kidsreading.service.AdminService
[ERROR] /home/runner/workspace/src/main/java/com/example/kidsreading/service/AdminService.java:[525,41] cannot find symbol
  symbol:   method getCellString(org.apache.poi.ss.usermodel.Cell)
  location: class com.example.kidsreading.service.AdminService
[ERROR] /home/runner/workspace/src/main/java/com/example/kidsreading/service/AdminService.java:[618,38] cannot find symbol
  symbol:   method getCellString(org.apache.poi.ss.usermodel.Cell)
  location: class com.example.kidsreading.service.AdminService
[ERROR] /home/runner/workspace/src/main/java/com/example/kidsreading/service/AdminService.java:[619,37] cannot find symbol
  symbol:   method getCellString(org.apache.poi.ss.usermodel.Cell)
  location: class com.example.kidsreading.service.AdminService
[ERROR] /home/runner/workspace/src/main/java/com/example/kidsreading/service/AdminService.java:[620,40] cannot find symbol
  symbol:   method getCellString(org.apache.poi.ss.usermodel.Cell)
  location: class com.example.kidsreading.service.AdminService
[ERROR] /home/runner/workspace/src/main/java/com/example/kidsreading/service/AdminService.java:[624,43] cannot find symbol
  symbol:   method getCellString(org.apache.poi.ss.usermodel.Cell)
  location: class com.example.kidsreading.service.AdminService
[ERROR] /home/runner/workspace/src/main/java/com/example/kidsreading/service/AdminService.java:[634,41] cannot find symbol
  symbol:   method getCellString(org.apache.poi.ss.usermodel.Cell)
  location: class com.example.kidsreading.service.AdminService
[ERROR] /home/runner/workspace/src/main/java/com/example/kidsreading/service/AdminService.java:[651,25] cannot find symbol
  symbol:   method englishText(java.lang.String)
  location: class com.example.kidsreading.entity.Sentence.SentenceBuilder
[ERROR] /home/runner/workspace/src/main/java/com/example/kidsreading/entity/Sentence.java:[44,20] cannot find symbol
  symbol: variable englishText
[ERROR] /home/runner/workspace/src/main/java/com/example/kidsreading/entity/Sentence.java:[48,13] cannot find symbol
  symbol: variable englishText
[ERROR] /home/runner/workspace/src/main/java/com/example/kidsreading/entity/Sentence.java:[52,20] cannot find symbol
  symbol: variable koreanTranslation
[ERROR] /home/runner/workspace/src/main/java/com/example/kidsreading/entity/Sentence.java:[56,13] cannot find symbol
  symbol: variable koreanTranslation
[ERROR] /home/runner/workspace/src/main/java/com/example/kidsreading/entity/Sentence.java:[81,23] cannot find symbol
  symbol:   variable meaning
  location: class com.example.kidsreading.entity.Sentence
[ERROR] /home/runner/workspace/src/main/java/com/example/kidsreading/service/SentenceService.java:[42,43] cannot find symbol
  symbol:   method findByIsActiveTrueOrderByDifficultyLevelAscDayNumberAsc()
  location: variable sentenceRepository of type com.example.kidsreading.repository.SentenceRepository
[ERROR] /home/runner/workspace/src/main/java/com/example/kidsreading/service/SentenceService.java:[45,43] cannot find symbol
  symbol:   method findByDayNumberAndIsActiveTrueOrderByDifficultyLevelAsc(java.lang.Integer)
  location: variable sentenceRepository of type com.example.kidsreading.repository.SentenceRepository
[ERROR] /home/runner/workspace/src/main/java/com/example/kidsreading/service/SentenceService.java:[48,43] cannot find symbol
  symbol:   method findByDifficultyLevelAndIsActiveTrueOrderByDayNumberAsc(java.lang.Integer)
  location: variable sentenceRepository of type com.example.kidsreading.repository.SentenceRepository
[ERROR] /home/runner/workspace/src/main/java/com/example/kidsreading/service/SentenceService.java:[65,17] cannot find symbol
  symbol:   method findByUserIdAndSentenceId(java.lang.Long,java.lang.Long)
  location: variable userSentenceProgressRepository of type com.example.kidsreading.repository.UserSentenceProgressRepository
[ERROR] /home/runner/workspace/src/main/java/com/example/kidsreading/service/SentenceService.java:[124,25] cannot find symbol
  symbol:   method englishText(java.lang.String)
  location: class com.example.kidsreading.entity.Sentence.SentenceBuilder
[ERROR] /home/runner/workspace/src/main/java/com/example/kidsreading/service/SentenceService.java:[166,34] cannot find symbol
  symbol:   method getEnglishText()
  location: variable sentence of type com.example.kidsreading.entity.Sentence
[ERROR] /home/runner/workspace/src/main/java/com/example/kidsreading/service/SentenceService.java:[167,33] cannot find symbol
  symbol:   method getKoreanTranslation()
  location: variable sentence of type com.example.kidsreading.entity.Sentence
[ERROR] /home/runner/workspace/src/main/java/com/example/kidsreading/service/SentenceService.java:[168,32] cannot find symbol
  symbol:   method getDifficultyLevel()
  location: variable sentence of type com.example.kidsreading.entity.Sentence
[ERROR] /home/runner/workspace/src/main/java/com/example/kidsreading/service/SentenceService.java:[171,38] cannot find symbol
  symbol:   method getKoreanTranslation()
  location: variable sentence of type com.example.kidsreading.entity.Sentence
[ERROR] /home/runner/workspace/src/main/java/com/example/kidsreading/service/SentenceService.java:[172,34] cannot find symbol
  symbol:   method getKoreanTranslation()
  location: variable sentence of type com.example.kidsreading.entity.Sentence
[ERROR] /home/runner/workspace/src/main/java/com/example/kidsreading/service/SentenceService.java:[179,17] cannot find symbol
  symbol:   method findByUserIdAndSentenceId(java.lang.Long,java.lang.Long)
  location: variable userSentenceProgressRepository of type com.example.kidsreading.repository.UserSentenceProgressRepository
[ERROR] /home/runner/workspace/src/main/java/com/example/kidsreading/service/UserService.java:[55,17] cannot find symbol
  symbol:   method birthDate(java.time.LocalDate)
  location: class com.example.kidsreading.entity.User.UserBuilder
[ERROR] /home/runner/workspace/src/main/java/com/example/kidsreading/service/UserService.java:[166,40] cannot find symbol
  symbol:   class UserNotFoundException
  location: class com.example.kidsreading.service.UserService
[ERROR] /home/runner/workspace/src/main/java/com/example/kidsreading/service/UserService.java:[177,40] cannot find symbol
  symbol:   class UserNotFoundException
  location: class com.example.kidsreading.service.UserService
[ERROR] /home/runner/workspace/src/main/java/com/example/kidsreading/dto/RegisterRequest.java:[50,39] cannot find symbol
  symbol:   variable PARENT
  location: class com.example.kidsreading.entity.User.Role
[ERROR] /home/runner/workspace/src/main/java/com/example/kidsreading/controller/DebugController.java:[136,43] cannot find symbol
  symbol:   variable PARENT
  location: class com.example.kidsreading.entity.User.Role
[ERROR] /home/runner/workspace/src/main/java/com/example/kidsreading/controller/MainContentController.java:[123,17] cannot find symbol
  symbol:   method day(java.lang.Integer)
  location: class com.example.kidsreading.dto.SentenceDto.SentenceDtoBuilder
[ERROR] /home/runner/workspace/src/main/java/com/example/kidsreading/controller/MainContentController.java:[255,44] cannot find symbol
  symbol:   method getStudiedWordsCount(java.lang.Long,java.lang.Integer,java.lang.Integer)
  location: variable wordService of type com.example.kidsreading.service.WordService
[ERROR] /home/runner/workspace/src/main/java/com/example/kidsreading/controller/MainContentController.java:[256,52] cannot find symbol
  symbol:   method getStudiedSentencesCount(java.lang.Long,java.lang.Integer,java.lang.Integer)
  location: variable sentenceService of type com.example.kidsreading.service.SentenceService
[ERROR] /home/runner/workspace/src/main/java/com/example/kidsreading/service/WordService.java:[76,30] cannot find symbol
  symbol:   method findDistinctLevelsByIsActiveTrueOrderByLevel()
  location: variable wordRepository of type com.example.kidsreading.repository.WordRepository
[ERROR] /home/runner/workspace/src/main/java/com/example/kidsreading/service/WordService.java:[83,30] cannot find symbol
  symbol:   method findDistinctDaysByLevelAndIsActiveTrueOrderByDay(java.lang.Integer)
  location: variable wordRepository of type com.example.kidsreading.repository.WordRepository
[INFO] 67 errors 
[INFO] -------------------------------------------------------------
[INFO] ------------------------------------------------------------------------
[INFO] BUILD FAILURE
[INFO] ------------------------------------------------------------------------
[INFO] Total time:  7.529 s
[INFO] Finished at: 2025-07-09T14:22:59Z
[INFO] ------------------------------------------------------------------------
[ERROR] Failed to execute goal org.apache.maven.plugins:maven-compiler-plugin:3.14.0:compile (default-compile) on project kidsreading: Compilation failure: Compilation failure: 
[ERROR] /home/runner/workspace/src/main/java/com/example/kidsreading/controller/AdminController.java:[342,63] cannot find symbol
[ERROR]   symbol:   method getUserProgress()
[ERROR]   location: variable adminService of type com.example.kidsreading.service.AdminService
[ERROR] /home/runner/workspace/src/main/java/com/example/kidsreading/controller/AdminController.java:[348,60] cannot find symbol
[ERROR]   symbol:   method getWordStats()
[ERROR]   location: variable adminService of type com.example.kidsreading.service.AdminService
[ERROR] /home/runner/workspace/src/main/java/com/example/kidsreading/controller/AdminController.java:[354,54] cannot find symbol
[ERROR]   symbol:   method getDailyStats(java.lang.String)
[ERROR]   location: variable adminService of type com.example.kidsreading.service.AdminService
[ERROR] /home/runner/workspace/src/main/java/com/example/kidsreading/controller/AdminController.java:[374,25] cannot find symbol
[ERROR]   symbol:   method normalizeExistingAudioFileNames()
[ERROR]   location: variable adminService of type com.example.kidsreading.service.AdminService
[ERROR] /home/runner/workspace/src/main/java/com/example/kidsreading/service/AdminService.java:[81,45] invalid method reference
[ERROR]   cannot find symbol
[ERROR]     symbol:   method convertToUserDto()
[ERROR]     location: class com.example.kidsreading.service.AdminService
[ERROR] /home/runner/workspace/src/main/java/com/example/kidsreading/service/AdminService.java:[95,167] no suitable method found for valueOf(com.example.kidsreading.entity.User.Role)
[ERROR]     method java.lang.Enum.<T>valueOf(java.lang.Class<T>,java.lang.String) is not applicable
[ERROR]       (cannot infer type-variable(s) T
[ERROR]         (actual and formal argument lists differ in length))
[ERROR]     method com.example.kidsreading.entity.User.Role.valueOf(java.lang.String) is not applicable
[ERROR]       (argument mismatch; com.example.kidsreading.entity.User.Role cannot be converted to java.lang.String)
[ERROR] /home/runner/workspace/src/main/java/com/example/kidsreading/service/AdminService.java:[97,28] cannot find symbol
[ERROR]   symbol: method convertToUserDto(com.example.kidsreading.entity.User)
[ERROR] /home/runner/workspace/src/main/java/com/example/kidsreading/service/AdminService.java:[111,30] no suitable method found for valueOf(com.example.kidsreading.entity.User.Role)
[ERROR]     method java.lang.Enum.<T>valueOf(java.lang.Class<T>,java.lang.String) is not applicable
[ERROR]       (cannot infer type-variable(s) T
[ERROR]         (actual and formal argument lists differ in length))
[ERROR]     method com.example.kidsreading.entity.User.Role.valueOf(java.lang.String) is not applicable
[ERROR]       (argument mismatch; com.example.kidsreading.entity.User.Role cannot be converted to java.lang.String)
[ERROR] /home/runner/workspace/src/main/java/com/example/kidsreading/service/AdminService.java:[117,24] cannot find symbol
[ERROR]   symbol: method convertToUserDto(com.example.kidsreading.entity.User)
[ERROR] /home/runner/workspace/src/main/java/com/example/kidsreading/service/AdminService.java:[136,45] invalid method reference
[ERROR]   cannot find symbol
[ERROR]     symbol:   method convertToUserDto()
[ERROR]     location: class com.example.kidsreading.service.AdminService
[ERROR] /home/runner/workspace/src/main/java/com/example/kidsreading/service/AdminService.java:[146,45] invalid method reference
[ERROR]   cannot find symbol
[ERROR]     symbol:   method convertToWordDto()
[ERROR]     location: class com.example.kidsreading.service.AdminService
[ERROR] /home/runner/workspace/src/main/java/com/example/kidsreading/service/AdminService.java:[166,24] cannot find symbol
[ERROR]   symbol: method convertToWordDto(com.example.kidsreading.entity.Word)
[ERROR] /home/runner/workspace/src/main/java/com/example/kidsreading/service/AdminService.java:[182,24] cannot find symbol
[ERROR]   symbol: method convertToWordDto(com.example.kidsreading.entity.Word)
[ERROR] /home/runner/workspace/src/main/java/com/example/kidsreading/service/AdminService.java:[203,45] invalid method reference
[ERROR]   cannot find symbol
[ERROR]     symbol:   method convertToWordDto()
[ERROR]     location: class com.example.kidsreading.service.AdminService
[ERROR] /home/runner/workspace/src/main/java/com/example/kidsreading/service/AdminService.java:[213,45] invalid method reference
[ERROR]   cannot find symbol
[ERROR]     symbol:   method convertToWordDto()
[ERROR]     location: class com.example.kidsreading.service.AdminService
[ERROR] /home/runner/workspace/src/main/java/com/example/kidsreading/service/AdminService.java:[223,49] invalid method reference
[ERROR]   cannot find symbol
[ERROR]     symbol:   method convertToSentenceDto()
[ERROR]     location: class com.example.kidsreading.service.AdminService
[ERROR] /home/runner/workspace/src/main/java/com/example/kidsreading/service/AdminService.java:[240,17] cannot find symbol
[ERROR]   symbol:   method englishText(java.lang.String)
[ERROR]   location: class com.example.kidsreading.entity.Sentence.SentenceBuilder
[ERROR] /home/runner/workspace/src/main/java/com/example/kidsreading/service/AdminService.java:[251,16] cannot find symbol
[ERROR]   symbol:   method convertToSentenceDto(com.example.kidsreading.entity.Sentence)
[ERROR]   location: class com.example.kidsreading.service.AdminService
[ERROR] /home/runner/workspace/src/main/java/com/example/kidsreading/service/AdminService.java:[262,21] cannot find symbol
[ERROR]   symbol:   method setEnglishText(java.lang.String)
[ERROR]   location: variable sentence of type com.example.kidsreading.entity.Sentence
[ERROR] /home/runner/workspace/src/main/java/com/example/kidsreading/service/AdminService.java:[270,21] cannot find symbol
[ERROR]   symbol:   method setKoreanTranslation(java.lang.String)
[ERROR]   location: variable sentence of type com.example.kidsreading.entity.Sentence
[ERROR] /home/runner/workspace/src/main/java/com/example/kidsreading/service/AdminService.java:[275,21] cannot find symbol
[ERROR]   symbol:   method setDifficultyLevel(java.lang.Integer)
[ERROR]   location: variable sentence of type com.example.kidsreading.entity.Sentence
[ERROR] /home/runner/workspace/src/main/java/com/example/kidsreading/service/AdminService.java:[293,16] cannot find symbol
[ERROR]   symbol:   method convertToSentenceDto(com.example.kidsreading.entity.Sentence)
[ERROR]   location: class com.example.kidsreading.service.AdminService
[ERROR] /home/runner/workspace/src/main/java/com/example/kidsreading/service/AdminService.java:[310,49] invalid method reference
[ERROR]   cannot find symbol
[ERROR]     symbol:   method convertToSentenceDto()
[ERROR]     location: class com.example.kidsreading.service.AdminService
[ERROR] /home/runner/workspace/src/main/java/com/example/kidsreading/service/AdminService.java:[320,49] invalid method reference
[ERROR]   cannot find symbol
[ERROR]     symbol:   method convertToSentenceDto()
[ERROR]     location: class com.example.kidsreading.service.AdminService
[ERROR] /home/runner/workspace/src/main/java/com/example/kidsreading/service/AdminService.java:[329,134] cannot find symbol
[ERROR]   symbol: method getDefaultSettings()
[ERROR] /home/runner/workspace/src/main/java/com/example/kidsreading/service/AdminService.java:[330,24] cannot find symbol
[ERROR]   symbol: method convertToLearningSettingsDto(com.example.kidsreading.entity.LearningSettings)
[ERROR] /home/runner/workspace/src/main/java/com/example/kidsreading/service/AdminService.java:[333,24] cannot find symbol
[ERROR]   symbol: method getDefaultLearningSettingsDto()
[ERROR] /home/runner/workspace/src/main/java/com/example/kidsreading/service/AdminService.java:[341,24] cannot find symbol
[ERROR]   symbol: method convertToLearningSettingsDto(com.example.kidsreading.entity.LearningSettings)
[ERROR] /home/runner/workspace/src/main/java/com/example/kidsreading/service/AdminService.java:[430,36] cannot find symbol
[ERROR]   symbol:   method extractS3KeyFromUrl(java.lang.String)
[ERROR]   location: class com.example.kidsreading.service.AdminService
[ERROR] /home/runner/workspace/src/main/java/com/example/kidsreading/service/AdminService.java:[455,36] cannot find symbol
[ERROR]   symbol:   method extractS3KeyFromUrl(java.lang.String)
[ERROR]   location: class com.example.kidsreading.service.AdminService
[ERROR] /home/runner/workspace/src/main/java/com/example/kidsreading/service/AdminService.java:[509,35] cannot find symbol
[ERROR]   symbol:   method getCellString(org.apache.poi.ss.usermodel.Cell)
[ERROR]   location: class com.example.kidsreading.service.AdminService
[ERROR] /home/runner/workspace/src/main/java/com/example/kidsreading/service/AdminService.java:[510,38] cannot find symbol
[ERROR]   symbol:   method getCellString(org.apache.poi.ss.usermodel.Cell)
[ERROR]   location: class com.example.kidsreading.service.AdminService
[ERROR] /home/runner/workspace/src/main/java/com/example/kidsreading/service/AdminService.java:[511,40] cannot find symbol
[ERROR]   symbol:   method getCellString(org.apache.poi.ss.usermodel.Cell)
[ERROR]   location: class com.example.kidsreading.service.AdminService
[ERROR] /home/runner/workspace/src/main/java/com/example/kidsreading/service/AdminService.java:[515,43] cannot find symbol
[ERROR]   symbol:   method getCellString(org.apache.poi.ss.usermodel.Cell)
[ERROR]   location: class com.example.kidsreading.service.AdminService
[ERROR] /home/runner/workspace/src/main/java/com/example/kidsreading/service/AdminService.java:[525,41] cannot find symbol
[ERROR]   symbol:   method getCellString(org.apache.poi.ss.usermodel.Cell)
[ERROR]   location: class com.example.kidsreading.service.AdminService
[ERROR] /home/runner/workspace/src/main/java/com/example/kidsreading/service/AdminService.java:[618,38] cannot find symbol
[ERROR]   symbol:   method getCellString(org.apache.poi.ss.usermodel.Cell)
[ERROR]   location: class com.example.kidsreading.service.AdminService
[ERROR] /home/runner/workspace/src/main/java/com/example/kidsreading/service/AdminService.java:[619,37] cannot find symbol
[ERROR]   symbol:   method getCellString(org.apache.poi.ss.usermodel.Cell)
[ERROR]   location: class com.example.kidsreading.service.AdminService
[ERROR] /home/runner/workspace/src/main/java/com/example/kidsreading/service/AdminService.java:[620,40] cannot find symbol
[ERROR]   symbol:   method getCellString(org.apache.poi.ss.usermodel.Cell)
[ERROR]   location: class com.example.kidsreading.service.AdminService
[ERROR] /home/runner/workspace/src/main/java/com/example/kidsreading/service/AdminService.java:[624,43] cannot find symbol
[ERROR]   symbol:   method getCellString(org.apache.poi.ss.usermodel.Cell)
[ERROR]   location: class com.example.kidsreading.service.AdminService
[ERROR] /home/runner/workspace/src/main/java/com/example/kidsreading/service/AdminService.java:[634,41] cannot find symbol
[ERROR]   symbol:   method getCellString(org.apache.poi.ss.usermodel.Cell)
[ERROR]   location: class com.example.kidsreading.service.AdminService
[ERROR] /home/runner/workspace/src/main/java/com/example/kidsreading/service/AdminService.java:[651,25] cannot find symbol
[ERROR]   symbol:   method englishText(java.lang.String)
[ERROR]   location: class com.example.kidsreading.entity.Sentence.SentenceBuilder
[ERROR] /home/runner/workspace/src/main/java/com/example/kidsreading/entity/Sentence.java:[44,20] cannot find symbol
[ERROR]   symbol: variable englishText
[ERROR] /home/runner/workspace/src/main/java/com/example/kidsreading/entity/Sentence.java:[48,13] cannot find symbol
[ERROR]   symbol: variable englishText
[ERROR] /home/runner/workspace/src/main/java/com/example/kidsreading/entity/Sentence.java:[52,20] cannot find symbol
[ERROR]   symbol: variable koreanTranslation
[ERROR] /home/runner/workspace/src/main/java/com/example/kidsreading/entity/Sentence.java:[56,13] cannot find symbol
[ERROR]   symbol: variable koreanTranslation
[ERROR] /home/runner/workspace/src/main/java/com/example/kidsreading/entity/Sentence.java:[81,23] cannot find symbol
[ERROR]   symbol:   variable meaning
[ERROR]   location: class com.example.kidsreading.entity.Sentence
[ERROR] /home/runner/workspace/src/main/java/com/example/kidsreading/service/SentenceService.java:[42,43] cannot find symbol
[ERROR]   symbol:   method findByIsActiveTrueOrderByDifficultyLevelAscDayNumberAsc()
[ERROR]   location: variable sentenceRepository of type com.example.kidsreading.repository.SentenceRepository
[ERROR] /home/runner/workspace/src/main/java/com/example/kidsreading/service/SentenceService.java:[45,43] cannot find symbol
[ERROR]   symbol:   method findByDayNumberAndIsActiveTrueOrderByDifficultyLevelAsc(java.lang.Integer)
[ERROR]   location: variable sentenceRepository of type com.example.kidsreading.repository.SentenceRepository
[ERROR] /home/runner/workspace/src/main/java/com/example/kidsreading/service/SentenceService.java:[48,43] cannot find symbol
[ERROR]   symbol:   method findByDifficultyLevelAndIsActiveTrueOrderByDayNumberAsc(java.lang.Integer)
[ERROR]   location: variable sentenceRepository of type com.example.kidsreading.repository.SentenceRepository
[ERROR] /home/runner/workspace/src/main/java/com/example/kidsreading/service/SentenceService.java:[65,17] cannot find symbol
[ERROR]   symbol:   method findByUserIdAndSentenceId(java.lang.Long,java.lang.Long)
[ERROR]   location: variable userSentenceProgressRepository of type com.example.kidsreading.repository.UserSentenceProgressRepository
[ERROR] /home/runner/workspace/src/main/java/com/example/kidsreading/service/SentenceService.java:[124,25] cannot find symbol
[ERROR]   symbol:   method englishText(java.lang.String)
[ERROR]   location: class com.example.kidsreading.entity.Sentence.SentenceBuilder
[ERROR] /home/runner/workspace/src/main/java/com/example/kidsreading/service/SentenceService.java:[166,34] cannot find symbol
[ERROR]   symbol:   method getEnglishText()
[ERROR]   location: variable sentence of type com.example.kidsreading.entity.Sentence
[ERROR] /home/runner/workspace/src/main/java/com/example/kidsreading/service/SentenceService.java:[167,33] cannot find symbol
[ERROR]   symbol:   method getKoreanTranslation()
[ERROR]   location: variable sentence of type com.example.kidsreading.entity.Sentence
[ERROR] /home/runner/workspace/src/main/java/com/example/kidsreading/service/SentenceService.java:[168,32] cannot find symbol
[ERROR]   symbol:   method getDifficultyLevel()
[ERROR]   location: variable sentence of type com.example.kidsreading.entity.Sentence
[ERROR] /home/runner/workspace/src/main/java/com/example/kidsreading/service/SentenceService.java:[171,38] cannot find symbol
[ERROR]   symbol:   method getKoreanTranslation()
[ERROR]   location: variable sentence of type com.example.kidsreading.entity.Sentence
[ERROR] /home/runner/workspace/src/main/java/com/example/kidsreading/service/SentenceService.java:[172,34] cannot find symbol
[ERROR]   symbol:   method getKoreanTranslation()
[ERROR]   location: variable sentence of type com.example.kidsreading.entity.Sentence
[ERROR] /home/runner/workspace/src/main/java/com/example/kidsreading/service/SentenceService.java:[179,17] cannot find symbol
[ERROR]   symbol:   method findByUserIdAndSentenceId(java.lang.Long,java.lang.Long)
[ERROR]   location: variable userSentenceProgressRepository of type com.example.kidsreading.repository.UserSentenceProgressRepository
[ERROR] /home/runner/workspace/src/main/java/com/example/kidsreading/service/UserService.java:[55,17] cannot find symbol
[ERROR]   symbol:   method birthDate(java.time.LocalDate)
[ERROR]   location: class com.example.kidsreading.entity.User.UserBuilder
[ERROR] /home/runner/workspace/src/main/java/com/example/kidsreading/service/UserService.java:[166,40] cannot find symbol
[ERROR]   symbol:   class UserNotFoundException
[ERROR]   location: class com.example.kidsreading.service.UserService
[ERROR] /home/runner/workspace/src/main/java/com/example/kidsreading/service/UserService.java:[177,40] cannot find symbol
[ERROR]   symbol:   class UserNotFoundException
[ERROR]   location: class com.example.kidsreading.service.UserService
[ERROR] /home/runner/workspace/src/main/java/com/example/kidsreading/dto/RegisterRequest.java:[50,39] cannot find symbol
[ERROR]   symbol:   variable PARENT
[ERROR]   location: class com.example.kidsreading.entity.User.Role
[ERROR] /home/runner/workspace/src/main/java/com/example/kidsreading/controller/DebugController.java:[136,43] cannot find symbol
[ERROR]   symbol:   variable PARENT
[ERROR]   location: class com.example.kidsreading.entity.User.Role
[ERROR] /home/runner/workspace/src/main/java/com/example/kidsreading/controller/MainContentController.java:[123,17] cannot find symbol
[ERROR]   symbol:   method day(java.lang.Integer)
[ERROR]   location: class com.example.kidsreading.dto.SentenceDto.SentenceDtoBuilder
[ERROR] /home/runner/workspace/src/main/java/com/example/kidsreading/controller/MainContentController.java:[255,44] cannot find symbol
[ERROR]   symbol:   method getStudiedWordsCount(java.lang.Long,java.lang.Integer,java.lang.Integer)
[ERROR]   location: variable wordService of type com.example.kidsreading.service.WordService
[ERROR] /home/runner/workspace/src/main/java/com/example/kidsreading/controller/MainContentController.java:[256,52] cannot find symbol
[ERROR]   symbol:   method getStudiedSentencesCount(java.lang.Long,java.lang.Integer,java.lang.Integer)
[ERROR]   location: variable sentenceService of type com.example.kidsreading.service.SentenceService
[ERROR] /home/runner/workspace/src/main/java/com/example/kidsreading/service/WordService.java:[76,30] cannot find symbol
[ERROR]   symbol:   method findDistinctLevelsByIsActiveTrueOrderByLevel()
[ERROR]   location: variable wordRepository of type com.example.kidsreading.repository.WordRepository
[ERROR] /home/runner/workspace/src/main/java/com/example/kidsreading/service/WordService.java:[83,30] cannot find symbol
[ERROR]   symbol:   method findDistinctDaysByLevelAndIsActiveTrueOrderByDay(java.lang.Integer)
[ERROR]   location: variable wordRepository of type com.example.kidsreading.repository.WordRepository
[ERROR] -> [Help 1]
[ERROR] 
[ERROR] To see the full stack trace of the errors, re-run Maven with the -e switch.
[ERROR] Re-run Maven using the -X switch to enable full debug logging.
[ERROR] 
[ERROR] For more information about the errors and possible solutions, please read the following articles:
[ERROR] [Help 1] http://cwiki.apache.org/confluence/display/MAVEN/MojoFailureException