NFO] Scanning for projects...
[INFO] 
[INFO] ----------------------< com.example:kidsreading >-----------------------
[INFO] Building kidsreading 0.0.1-SNAPSHOT
[INFO]   from pom.xml
[INFO] --------------------------------[ jar ]---------------------------------
[INFO] 
[INFO] >>> spring-boot:3.5.3:run (default-cli) > test-compile @ kidsreading >>>
[INFO] 
[INFO] --- resources:3.3.1:resources (default-resources) @ kidsreading ---
[INFO] Copying 1 resource from src/main/resources to target/classes
[INFO] Copying 121 resources from src/main/resources to target/classes
[INFO] 
[INFO] --- compiler:3.14.0:compile (default-compile) @ kidsreading ---
[INFO] Recompiling the module because of changed source code.
[INFO] Compiling 64 source files with javac [debug parameters release 17] to target/classes
[INFO] /home/runner/workspace/src/main/java/com/example/kidsreading/config/SecurityConfig.java: /home/runner/workspace/src/main/java/com/example/kidsreading/config/SecurityConfig.java uses or overrides a deprecated API.
[INFO] /home/runner/workspace/src/main/java/com/example/kidsreading/config/SecurityConfig.java: Recompile with -Xlint:deprecation for details.
[INFO] /home/runner/workspace/src/main/java/com/example/kidsreading/service/AdminService.java: /home/runner/workspace/src/main/java/com/example/kidsreading/service/AdminService.java uses unchecked or unsafe operations.
[INFO] /home/runner/workspace/src/main/java/com/example/kidsreading/service/AdminService.java: Recompile with -Xlint:unchecked for details.
[INFO] -------------------------------------------------------------
[WARNING] COMPILATION WARNING : 
[INFO] -------------------------------------------------------------
[WARNING] /home/runner/workspace/src/main/java/com/example/kidsreading/entity/UserLevels.java:[26,21] @Builder will ignore the initializing expression entirely. If you want the initializing expression to serve as default, add @Builder.Default. If it is not supposed to be settable during building, make the field final.
[WARNING] /home/runner/workspace/src/main/java/com/example/kidsreading/entity/UserLevels.java:[29,21] @Builder will ignore the initializing expression entirely. If you want the initializing expression to serve as default, add @Builder.Default. If it is not supposed to be settable during building, make the field final.
[WARNING] /home/runner/workspace/src/main/java/com/example/kidsreading/entity/UserLevels.java:[32,21] @Builder will ignore the initializing expression entirely. If you want the initializing expression to serve as default, add @Builder.Default. If it is not supposed to be settable during building, make the field final.
[WARNING] /home/runner/workspace/src/main/java/com/example/kidsreading/entity/UserLevels.java:[35,21] @Builder will ignore the initializing expression entirely. If you want the initializing expression to serve as default, add @Builder.Default. If it is not supposed to be settable during building, make the field final.
[WARNING] /home/runner/workspace/src/main/java/com/example/kidsreading/entity/UserLevels.java:[38,21] @Builder will ignore the initializing expression entirely. If you want the initializing expression to serve as default, add @Builder.Default. If it is not supposed to be settable during building, make the field final.
[WARNING] /home/runner/workspace/src/main/java/com/example/kidsreading/entity/UserSentenceProgress.java:[29,21] @Builder will ignore the initializing expression entirely. If you want the initializing expression to serve as default, add @Builder.Default. If it is not supposed to be settable during building, make the field final.
[WARNING] /home/runner/workspace/src/main/java/com/example/kidsreading/entity/UserSentenceProgress.java:[32,21] @Builder will ignore the initializing expression entirely. If you want the initializing expression to serve as default, add @Builder.Default. If it is not supposed to be settable during building, make the field final.
[WARNING] /home/runner/workspace/src/main/java/com/example/kidsreading/entity/UserSentenceProgress.java:[35,21] @Builder will ignore the initializing expression entirely. If you want the initializing expression to serve as default, add @Builder.Default. If it is not supposed to be settable during building, make the field final.
[WARNING] /home/runner/workspace/src/main/java/com/example/kidsreading/entity/UserSentenceProgress.java:[41,21] @Builder will ignore the initializing expression entirely. If you want the initializing expression to serve as default, add @Builder.Default. If it is not supposed to be settable during building, make the field final.
[WARNING] /home/runner/workspace/src/main/java/com/example/kidsreading/entity/Sentence.java:[49,21] @Builder will ignore the initializing expression entirely. If you want the initializing expression to serve as default, add @Builder.Default. If it is not supposed to be settable during building, make the field final.
[WARNING] /home/runner/workspace/src/main/java/com/example/kidsreading/entity/SentenceCategory.java:[32,21] @Builder will ignore the initializing expression entirely. If you want the initializing expression to serve as default, add @Builder.Default. If it is not supposed to be settable during building, make the field final.
[WARNING] /home/runner/workspace/src/main/java/com/example/kidsreading/entity/SentenceStatistics.java:[25,21] @Builder will ignore the initializing expression entirely. If you want the initializing expression to serve as default, add @Builder.Default. If it is not supposed to be settable during building, make the field final.
[WARNING] /home/runner/workspace/src/main/java/com/example/kidsreading/entity/SentenceStatistics.java:[28,21] @Builder will ignore the initializing expression entirely. If you want the initializing expression to serve as default, add @Builder.Default. If it is not supposed to be settable during building, make the field final.
[WARNING] /home/runner/workspace/src/main/java/com/example/kidsreading/entity/SentenceStatistics.java:[37,21] @Builder will ignore the initializing expression entirely. If you want the initializing expression to serve as default, add @Builder.Default. If it is not supposed to be settable during building, make the field final.
[WARNING] /home/runner/workspace/src/main/java/com/example/kidsreading/entity/Word.java:[42,21] @Builder will ignore the initializing expression entirely. If you want the initializing expression to serve as default, add @Builder.Default. If it is not supposed to be settable during building, make the field final.
[WARNING] /home/runner/workspace/src/main/java/com/example/kidsreading/entity/SentenceLearningSession.java:[37,21] @Builder will ignore the initializing expression entirely. If you want the initializing expression to serve as default, add @Builder.Default. If it is not supposed to be settable during building, make the field final.
[WARNING] /home/runner/workspace/src/main/java/com/example/kidsreading/entity/SentenceLearningSession.java:[40,21] @Builder will ignore the initializing expression entirely. If you want the initializing expression to serve as default, add @Builder.Default. If it is not supposed to be settable during building, make the field final.
[WARNING] /home/runner/workspace/src/main/java/com/example/kidsreading/entity/SentenceLearningSession.java:[43,21] @Builder will ignore the initializing expression entirely. If you want the initializing expression to serve as default, add @Builder.Default. If it is not supposed to be settable during building, make the field final.
[WARNING] /home/runner/workspace/src/main/java/com/example/kidsreading/entity/SentenceLearningSession.java:[46,21] @Builder will ignore the initializing expression entirely. If you want the initializing expression to serve as default, add @Builder.Default. If it is not supposed to be settable during building, make the field final.
[WARNING] /home/runner/workspace/src/main/java/com/example/kidsreading/entity/SentenceLearningSession.java:[49,21] @Builder will ignore the initializing expression entirely. If you want the initializing expression to serve as default, add @Builder.Default. If it is not supposed to be settable during building, make the field final.
[WARNING] /home/runner/workspace/src/main/java/com/example/kidsreading/entity/LearningSessions.java:[30,21] @Builder will ignore the initializing expression entirely. If you want the initializing expression to serve as default, add @Builder.Default. If it is not supposed to be settable during building, make the field final.
[WARNING] /home/runner/workspace/src/main/java/com/example/kidsreading/entity/LearningSessions.java:[33,21] @Builder will ignore the initializing expression entirely. If you want the initializing expression to serve as default, add @Builder.Default. If it is not supposed to be settable during building, make the field final.
[WARNING] /home/runner/workspace/src/main/java/com/example/kidsreading/entity/LearningSessions.java:[36,21] @Builder will ignore the initializing expression entirely. If you want the initializing expression to serve as default, add @Builder.Default. If it is not supposed to be settable during building, make the field final.
[WARNING] /home/runner/workspace/src/main/java/com/example/kidsreading/entity/LearningSessions.java:[39,21] @Builder will ignore the initializing expression entirely. If you want the initializing expression to serve as default, add @Builder.Default. If it is not supposed to be settable during building, make the field final.
[INFO] 24 warnings 
[INFO] -------------------------------------------------------------
[INFO] -------------------------------------------------------------
[ERROR] COMPILATION ERROR : 
[INFO] -------------------------------------------------------------
[ERROR] /home/runner/workspace/src/main/java/com/example/kidsreading/controller/MainContentController.java:[132,20] cannot find symbol
  symbol:   method updateWordProgress(java.lang.Long,java.lang.Long,java.lang.Boolean)
  location: variable wordService of type com.example.kidsreading.service.WordService
[ERROR] /home/runner/workspace/src/main/java/com/example/kidsreading/controller/MainContentController.java:[171,41] cannot find symbol
  symbol:   method getCompletedWordsCount(java.lang.Long,java.lang.Integer,java.lang.Integer)
  location: variable wordService of type com.example.kidsreading.service.WordService
[ERROR] /home/runner/workspace/src/main/java/com/example/kidsreading/controller/MainContentController.java:[172,46] cannot find symbol
  symbol:   method getTotalWordsCount(java.lang.Integer,java.lang.Integer)
  location: variable wordService of type com.example.kidsreading.service.WordService
[ERROR] /home/runner/workspace/src/main/java/com/example/kidsreading/controller/MainContentController.java:[177,38] cannot find symbol
  symbol:   method getCoinsEarned(java.lang.Long,java.lang.Integer,java.lang.Integer)
  location: variable wordService of type com.example.kidsreading.service.WordService
[ERROR] /home/runner/workspace/src/main/java/com/example/kidsreading/controller/MainContentController.java:[195,41] cannot find symbol
  symbol:   method toggleWordFavorite(java.lang.Long,java.lang.Long)
  location: variable wordService of type com.example.kidsreading.service.WordService
[ERROR] /home/runner/workspace/src/main/java/com/example/kidsreading/service/WordService.java:[73,42] cannot find symbol
  symbol:   method findByUserIdAndLevelAndDay(java.lang.String,java.lang.Integer,java.lang.Integer)
  location: variable userWordProgressRepository of type com.example.kidsreading.repository.UserWordProgressRepository
[INFO] 6 errors 
[INFO] -------------------------------------------------------------
[INFO] ------------------------------------------------------------------------
[INFO] BUILD FAILURE
[INFO] ------------------------------------------------------------------------
[INFO] Total time:  5.267 s
[INFO] Finished at: 2025-07-09T03:03:38Z
[INFO] ------------------------------------------------------------------------
[ERROR] Failed to execute goal org.apache.maven.plugins:maven-compiler-plugin:3.14.0:compile (default-compile) on project kidsreading: Compilation failure: Compilation failure: 
[ERROR] /home/runner/workspace/src/main/java/com/example/kidsreading/controller/MainContentController.java:[132,20] cannot find symbol
[ERROR]   symbol:   method updateWordProgress(java.lang.Long,java.lang.Long,java.lang.Boolean)
[ERROR]   location: variable wordService of type com.example.kidsreading.service.WordService
[ERROR] /home/runner/workspace/src/main/java/com/example/kidsreading/controller/MainContentController.java:[171,41] cannot find symbol
[ERROR]   symbol:   method getCompletedWordsCount(java.lang.Long,java.lang.Integer,java.lang.Integer)
[ERROR]   location: variable wordService of type com.example.kidsreading.service.WordService
[ERROR] /home/runner/workspace/src/main/java/com/example/kidsreading/controller/MainContentController.java:[172,46] cannot find symbol
[ERROR]   symbol:   method getTotalWordsCount(java.lang.Integer,java.lang.Integer)
[ERROR]   location: variable wordService of type com.example.kidsreading.service.WordService
[ERROR] /home/runner/workspace/src/main/java/com/example/kidsreading/controller/MainContentController.java:[177,38] cannot find symbol
[ERROR]   symbol:   method getCoinsEarned(java.lang.Long,java.lang.Integer,java.lang.Integer)
[ERROR]   location: variable wordService of type com.example.kidsreading.service.WordService
[ERROR] /home/runner/workspace/src/main/java/com/example/kidsreading/controller/MainContentController.java:[195,41] cannot find symbol
[ERROR]   symbol:   method toggleWordFavorite(java.lang.Long,java.lang.Long)
[ERROR]   location: variable wordService of type com.example.kidsreading.service.WordService
[ERROR] /home/runner/workspace/src/main/java/com/example/kidsreading/service/WordService.java:[73,42] cannot find symbol
[ERROR]   symbol:   method findByUserIdAndLevelAndDay(java.lang.String,java.lang.Integer,java.lang.Integer)
[ERROR]   location: variable userWordProgressRepository of type com.example.kidsreading.repository.UserWordProgressRepository
[ERROR] -> [Help 1]
[ERROR] 
[ERROR] To see the full stack trace of the errors, re-run Maven with the -e switch.
[ERROR] Re-run Maven using the -X switch to enable full debug logging.
[ERROR] 
[ERROR] For more information about the errors and possible solutions, please read the following articles:
[ERROR] [Help 1] http://cwiki.apache.org/confluence/display/MAVEN/MojoFailureException
